{"/var/www/html/arancini/projet-05-pepine-back/app/controllers/api/CoreController.js": {"path":"/var/www/html/arancini/projet-05-pepine-back/app/controllers/api/CoreController.js","all":false,"statementMap":{"0":{"start":{"line":1,"column":0},"end":{"line":1,"column":26}},"1":{"start":{"line":2,"column":0},"end":{"line":2,"column":80}},"2":{"start":{"line":3,"column":0},"end":{"line":3,"column":74}},"3":{"start":{"line":4,"column":0},"end":{"line":4,"column":58}},"4":{"start":{"line":5,"column":0},"end":{"line":5,"column":61}},"5":{"start":{"line":6,"column":0},"end":{"line":6,"column":58}},"6":{"start":{"line":7,"column":0},"end":{"line":7,"column":0}},"7":{"start":{"line":8,"column":0},"end":{"line":8,"column":45}},"8":{"start":{"line":9,"column":0},"end":{"line":9,"column":0}},"9":{"start":{"line":10,"column":0},"end":{"line":10,"column":3}},"10":{"start":{"line":11,"column":0},"end":{"line":11,"column":59}},"11":{"start":{"line":12,"column":0},"end":{"line":12,"column":9}},"12":{"start":{"line":13,"column":0},"end":{"line":13,"column":3}},"13":{"start":{"line":14,"column":0},"end":{"line":14,"column":22}},"14":{"start":{"line":15,"column":0},"end":{"line":15,"column":5}},"15":{"start":{"line":16,"column":0},"end":{"line":16,"column":43}},"16":{"start":{"line":17,"column":0},"end":{"line":17,"column":4}},"17":{"start":{"line":18,"column":0},"end":{"line":18,"column":41}},"18":{"start":{"line":19,"column":0},"end":{"line":19,"column":52}},"19":{"start":{"line":20,"column":0},"end":{"line":20,"column":79}},"20":{"start":{"line":21,"column":0},"end":{"line":21,"column":5}},"21":{"start":{"line":22,"column":0},"end":{"line":22,"column":35}},"22":{"start":{"line":23,"column":0},"end":{"line":23,"column":45}},"23":{"start":{"line":24,"column":0},"end":{"line":24,"column":64}},"24":{"start":{"line":25,"column":0},"end":{"line":25,"column":38}},"25":{"start":{"line":26,"column":0},"end":{"line":26,"column":19}},"26":{"start":{"line":27,"column":0},"end":{"line":27,"column":40}},"27":{"start":{"line":28,"column":0},"end":{"line":28,"column":5}},"28":{"start":{"line":29,"column":0},"end":{"line":29,"column":28}},"29":{"start":{"line":30,"column":0},"end":{"line":30,"column":24}},"30":{"start":{"line":31,"column":0},"end":{"line":31,"column":15}},"31":{"start":{"line":32,"column":0},"end":{"line":32,"column":6}},"32":{"start":{"line":33,"column":0},"end":{"line":33,"column":62}},"33":{"start":{"line":34,"column":0},"end":{"line":34,"column":34}},"34":{"start":{"line":35,"column":0},"end":{"line":35,"column":4}},"35":{"start":{"line":36,"column":0},"end":{"line":36,"column":0}},"36":{"start":{"line":37,"column":0},"end":{"line":37,"column":5}},"37":{"start":{"line":38,"column":0},"end":{"line":38,"column":40}},"38":{"start":{"line":39,"column":0},"end":{"line":39,"column":3}},"39":{"start":{"line":40,"column":0},"end":{"line":40,"column":49}},"40":{"start":{"line":41,"column":0},"end":{"line":41,"column":51}},"41":{"start":{"line":42,"column":0},"end":{"line":42,"column":78}},"42":{"start":{"line":43,"column":0},"end":{"line":43,"column":4}},"43":{"start":{"line":44,"column":0},"end":{"line":44,"column":41}},"44":{"start":{"line":45,"column":0},"end":{"line":45,"column":45}},"45":{"start":{"line":46,"column":0},"end":{"line":46,"column":34}},"46":{"start":{"line":47,"column":0},"end":{"line":47,"column":0}},"47":{"start":{"line":48,"column":0},"end":{"line":48,"column":40}},"48":{"start":{"line":49,"column":0},"end":{"line":49,"column":35}},"49":{"start":{"line":50,"column":0},"end":{"line":50,"column":32}},"50":{"start":{"line":51,"column":0},"end":{"line":51,"column":5}},"51":{"start":{"line":52,"column":0},"end":{"line":52,"column":0}},"52":{"start":{"line":53,"column":0},"end":{"line":53,"column":66}},"53":{"start":{"line":54,"column":0},"end":{"line":54,"column":0}},"54":{"start":{"line":55,"column":0},"end":{"line":55,"column":38}},"55":{"start":{"line":56,"column":0},"end":{"line":56,"column":18}},"56":{"start":{"line":57,"column":0},"end":{"line":57,"column":40}},"57":{"start":{"line":58,"column":0},"end":{"line":58,"column":5}},"58":{"start":{"line":59,"column":0},"end":{"line":59,"column":60}},"59":{"start":{"line":60,"column":0},"end":{"line":60,"column":61}},"60":{"start":{"line":61,"column":0},"end":{"line":61,"column":41}},"61":{"start":{"line":62,"column":0},"end":{"line":62,"column":4}},"62":{"start":{"line":63,"column":0},"end":{"line":63,"column":0}},"63":{"start":{"line":64,"column":0},"end":{"line":64,"column":5}},"64":{"start":{"line":65,"column":0},"end":{"line":65,"column":32}},"65":{"start":{"line":66,"column":0},"end":{"line":66,"column":4}},"66":{"start":{"line":67,"column":0},"end":{"line":67,"column":50}},"67":{"start":{"line":68,"column":0},"end":{"line":68,"column":52}},"68":{"start":{"line":69,"column":0},"end":{"line":69,"column":79}},"69":{"start":{"line":70,"column":0},"end":{"line":70,"column":5}},"70":{"start":{"line":71,"column":0},"end":{"line":71,"column":41}},"71":{"start":{"line":72,"column":0},"end":{"line":72,"column":45}},"72":{"start":{"line":73,"column":0},"end":{"line":73,"column":74}},"73":{"start":{"line":74,"column":0},"end":{"line":74,"column":0}},"74":{"start":{"line":75,"column":0},"end":{"line":75,"column":63}},"75":{"start":{"line":76,"column":0},"end":{"line":76,"column":26}},"76":{"start":{"line":77,"column":0},"end":{"line":77,"column":32}},"77":{"start":{"line":78,"column":0},"end":{"line":78,"column":5}},"78":{"start":{"line":79,"column":0},"end":{"line":79,"column":0}},"79":{"start":{"line":80,"column":0},"end":{"line":80,"column":44}},"80":{"start":{"line":81,"column":0},"end":{"line":81,"column":18}},"81":{"start":{"line":82,"column":0},"end":{"line":82,"column":43}},"82":{"start":{"line":83,"column":0},"end":{"line":83,"column":5}},"83":{"start":{"line":84,"column":0},"end":{"line":84,"column":0}},"84":{"start":{"line":85,"column":0},"end":{"line":85,"column":59}},"85":{"start":{"line":86,"column":0},"end":{"line":86,"column":64}},"86":{"start":{"line":87,"column":0},"end":{"line":87,"column":34}},"87":{"start":{"line":88,"column":0},"end":{"line":88,"column":4}},"88":{"start":{"line":89,"column":0},"end":{"line":89,"column":0}},"89":{"start":{"line":90,"column":0},"end":{"line":90,"column":5}},"90":{"start":{"line":91,"column":0},"end":{"line":91,"column":32}},"91":{"start":{"line":92,"column":0},"end":{"line":92,"column":50}},"92":{"start":{"line":93,"column":0},"end":{"line":93,"column":52}},"93":{"start":{"line":94,"column":0},"end":{"line":94,"column":79}},"94":{"start":{"line":95,"column":0},"end":{"line":95,"column":29}},"95":{"start":{"line":96,"column":0},"end":{"line":96,"column":4}},"96":{"start":{"line":97,"column":0},"end":{"line":97,"column":41}},"97":{"start":{"line":98,"column":0},"end":{"line":98,"column":45}},"98":{"start":{"line":99,"column":0},"end":{"line":99,"column":40}},"99":{"start":{"line":100,"column":0},"end":{"line":100,"column":0}},"100":{"start":{"line":101,"column":0},"end":{"line":101,"column":66}},"101":{"start":{"line":102,"column":0},"end":{"line":102,"column":110}},"102":{"start":{"line":103,"column":0},"end":{"line":103,"column":36}},"103":{"start":{"line":104,"column":0},"end":{"line":104,"column":5}},"104":{"start":{"line":105,"column":0},"end":{"line":105,"column":0}},"105":{"start":{"line":106,"column":0},"end":{"line":106,"column":63}},"106":{"start":{"line":107,"column":0},"end":{"line":107,"column":87}},"107":{"start":{"line":108,"column":0},"end":{"line":108,"column":36}},"108":{"start":{"line":109,"column":0},"end":{"line":109,"column":5}},"109":{"start":{"line":110,"column":0},"end":{"line":110,"column":0}},"110":{"start":{"line":111,"column":0},"end":{"line":111,"column":74}},"111":{"start":{"line":112,"column":0},"end":{"line":112,"column":0}},"112":{"start":{"line":113,"column":0},"end":{"line":113,"column":51}},"113":{"start":{"line":114,"column":0},"end":{"line":114,"column":50}},"114":{"start":{"line":115,"column":0},"end":{"line":115,"column":40}},"115":{"start":{"line":116,"column":0},"end":{"line":116,"column":5}},"116":{"start":{"line":117,"column":0},"end":{"line":117,"column":0}},"117":{"start":{"line":118,"column":0},"end":{"line":118,"column":44}},"118":{"start":{"line":119,"column":0},"end":{"line":119,"column":18}},"119":{"start":{"line":120,"column":0},"end":{"line":120,"column":43}},"120":{"start":{"line":121,"column":0},"end":{"line":121,"column":5}},"121":{"start":{"line":122,"column":0},"end":{"line":122,"column":59}},"122":{"start":{"line":123,"column":0},"end":{"line":123,"column":64}},"123":{"start":{"line":124,"column":0},"end":{"line":124,"column":34}},"124":{"start":{"line":125,"column":0},"end":{"line":125,"column":4}},"125":{"start":{"line":126,"column":0},"end":{"line":126,"column":0}},"126":{"start":{"line":127,"column":0},"end":{"line":127,"column":5}},"127":{"start":{"line":128,"column":0},"end":{"line":128,"column":32}},"128":{"start":{"line":129,"column":0},"end":{"line":129,"column":4}},"129":{"start":{"line":130,"column":0},"end":{"line":130,"column":50}},"130":{"start":{"line":131,"column":0},"end":{"line":131,"column":52}},"131":{"start":{"line":132,"column":0},"end":{"line":132,"column":79}},"132":{"start":{"line":133,"column":0},"end":{"line":133,"column":5}},"133":{"start":{"line":134,"column":0},"end":{"line":134,"column":44}},"134":{"start":{"line":135,"column":0},"end":{"line":135,"column":45}},"135":{"start":{"line":136,"column":0},"end":{"line":136,"column":34}},"136":{"start":{"line":137,"column":0},"end":{"line":137,"column":0}},"137":{"start":{"line":138,"column":0},"end":{"line":138,"column":67}},"138":{"start":{"line":139,"column":0},"end":{"line":139,"column":143}},"139":{"start":{"line":140,"column":0},"end":{"line":140,"column":36}},"140":{"start":{"line":141,"column":0},"end":{"line":141,"column":5}},"141":{"start":{"line":142,"column":0},"end":{"line":142,"column":0}},"142":{"start":{"line":143,"column":0},"end":{"line":143,"column":67}},"143":{"start":{"line":144,"column":0},"end":{"line":144,"column":110}},"144":{"start":{"line":145,"column":0},"end":{"line":145,"column":36}},"145":{"start":{"line":146,"column":0},"end":{"line":146,"column":5}},"146":{"start":{"line":147,"column":0},"end":{"line":147,"column":0}},"147":{"start":{"line":148,"column":0},"end":{"line":148,"column":76}},"148":{"start":{"line":149,"column":0},"end":{"line":149,"column":40}},"149":{"start":{"line":150,"column":0},"end":{"line":150,"column":36}},"150":{"start":{"line":151,"column":0},"end":{"line":151,"column":5}},"151":{"start":{"line":152,"column":0},"end":{"line":152,"column":0}},"152":{"start":{"line":153,"column":0},"end":{"line":153,"column":69}},"153":{"start":{"line":154,"column":0},"end":{"line":154,"column":0}},"154":{"start":{"line":155,"column":0},"end":{"line":155,"column":51}},"155":{"start":{"line":156,"column":0},"end":{"line":156,"column":31}},"156":{"start":{"line":157,"column":0},"end":{"line":157,"column":32}},"157":{"start":{"line":158,"column":0},"end":{"line":158,"column":5}},"158":{"start":{"line":159,"column":0},"end":{"line":159,"column":0}},"159":{"start":{"line":160,"column":0},"end":{"line":160,"column":44}},"160":{"start":{"line":161,"column":0},"end":{"line":161,"column":23}},"161":{"start":{"line":162,"column":0},"end":{"line":162,"column":32}},"162":{"start":{"line":163,"column":0},"end":{"line":163,"column":5}},"163":{"start":{"line":164,"column":0},"end":{"line":164,"column":53}},"164":{"start":{"line":165,"column":0},"end":{"line":165,"column":4}},"165":{"start":{"line":166,"column":0},"end":{"line":166,"column":1}},"166":{"start":{"line":167,"column":0},"end":{"line":167,"column":0}},"167":{"start":{"line":168,"column":0},"end":{"line":168,"column":30}}},"s":{"0":1,"1":0,"2":1,"3":1,"4":1,"5":1,"6":1,"7":1,"8":1,"9":1,"10":1,"11":1,"12":1,"13":1,"14":13,"15":13,"16":13,"17":13,"18":13,"19":13,"20":13,"21":13,"22":2,"23":2,"24":2,"25":2,"26":1,"27":1,"28":1,"29":1,"30":1,"31":1,"32":1,"33":1,"34":13,"35":13,"36":13,"37":13,"38":13,"39":13,"40":13,"41":13,"42":13,"43":13,"44":3,"45":3,"46":3,"47":3,"48":3,"49":1,"50":2,"51":2,"52":2,"53":2,"54":2,"55":2,"56":1,"57":1,"58":1,"59":1,"60":1,"61":13,"62":13,"63":13,"64":13,"65":13,"66":13,"67":13,"68":13,"69":13,"70":13,"71":3,"72":3,"73":3,"74":3,"75":3,"76":1,"77":2,"78":2,"79":2,"80":2,"81":1,"82":1,"83":1,"84":1,"85":1,"86":1,"87":13,"88":13,"89":13,"90":13,"91":13,"92":13,"93":13,"94":13,"95":13,"96":13,"97":4,"98":4,"99":4,"100":4,"101":4,"102":0,"103":4,"104":4,"105":4,"106":4,"107":0,"108":4,"109":4,"110":4,"111":4,"112":4,"113":4,"114":2,"115":2,"116":2,"117":2,"118":2,"119":1,"120":1,"121":1,"122":1,"123":1,"124":13,"125":13,"126":13,"127":13,"128":13,"129":13,"130":13,"131":13,"132":13,"133":13,"134":2,"135":2,"136":2,"137":2,"138":2,"139":0,"140":2,"141":2,"142":2,"143":2,"144":0,"145":2,"146":2,"147":2,"148":2,"149":0,"150":2,"151":2,"152":2,"153":2,"154":2,"155":2,"156":1,"157":1,"158":1,"159":1,"160":1,"161":0,"162":1,"163":1,"164":13,"165":1,"166":1,"167":1},"branchMap":{"0":{"type":"branch","line":2,"loc":{"start":{"line":2,"column":0},"end":{"line":2,"column":80}},"locations":[{"start":{"line":2,"column":0},"end":{"line":2,"column":80}}]},"1":{"type":"branch","line":2,"loc":{"start":{"line":2,"column":0},"end":{"line":2,"column":80}},"locations":[{"start":{"line":2,"column":0},"end":{"line":2,"column":80}}]},"2":{"type":"branch","line":2,"loc":{"start":{"line":2,"column":0},"end":{"line":2,"column":80}},"locations":[{"start":{"line":2,"column":0},"end":{"line":2,"column":80}}]},"3":{"type":"branch","line":2,"loc":{"start":{"line":2,"column":0},"end":{"line":2,"column":80}},"locations":[{"start":{"line":2,"column":0},"end":{"line":2,"column":80}}]},"4":{"type":"branch","line":2,"loc":{"start":{"line":2,"column":0},"end":{"line":2,"column":80}},"locations":[{"start":{"line":2,"column":0},"end":{"line":2,"column":80}}]},"5":{"type":"branch","line":2,"loc":{"start":{"line":2,"column":0},"end":{"line":2,"column":80}},"locations":[{"start":{"line":2,"column":0},"end":{"line":2,"column":80}}]},"6":{"type":"branch","line":2,"loc":{"start":{"line":2,"column":0},"end":{"line":2,"column":80}},"locations":[{"start":{"line":2,"column":0},"end":{"line":2,"column":80}}]},"7":{"type":"branch","line":2,"loc":{"start":{"line":2,"column":0},"end":{"line":2,"column":80}},"locations":[{"start":{"line":2,"column":0},"end":{"line":2,"column":80}}]},"8":{"type":"branch","line":2,"loc":{"start":{"line":2,"column":0},"end":{"line":2,"column":80}},"locations":[{"start":{"line":2,"column":0},"end":{"line":2,"column":80}}]},"9":{"type":"branch","line":2,"loc":{"start":{"line":2,"column":0},"end":{"line":2,"column":80}},"locations":[{"start":{"line":2,"column":0},"end":{"line":2,"column":80}}]},"10":{"type":"branch","line":2,"loc":{"start":{"line":2,"column":0},"end":{"line":2,"column":80}},"locations":[{"start":{"line":2,"column":0},"end":{"line":2,"column":80}}]},"11":{"type":"branch","line":2,"loc":{"start":{"line":2,"column":0},"end":{"line":2,"column":80}},"locations":[{"start":{"line":2,"column":0},"end":{"line":2,"column":80}}]},"12":{"type":"branch","line":2,"loc":{"start":{"line":2,"column":0},"end":{"line":2,"column":80}},"locations":[{"start":{"line":2,"column":0},"end":{"line":2,"column":80}}]},"13":{"type":"branch","line":2,"loc":{"start":{"line":2,"column":0},"end":{"line":2,"column":80}},"locations":[{"start":{"line":2,"column":0},"end":{"line":2,"column":80}}]},"14":{"type":"branch","line":2,"loc":{"start":{"line":2,"column":0},"end":{"line":2,"column":80}},"locations":[{"start":{"line":2,"column":0},"end":{"line":2,"column":80}}]},"15":{"type":"branch","line":2,"loc":{"start":{"line":2,"column":0},"end":{"line":2,"column":80}},"locations":[{"start":{"line":2,"column":0},"end":{"line":2,"column":80}}]},"16":{"type":"branch","line":2,"loc":{"start":{"line":2,"column":0},"end":{"line":2,"column":80}},"locations":[{"start":{"line":2,"column":0},"end":{"line":2,"column":80}}]},"17":{"type":"branch","line":2,"loc":{"start":{"line":2,"column":0},"end":{"line":2,"column":80}},"locations":[{"start":{"line":2,"column":0},"end":{"line":2,"column":80}}]},"18":{"type":"branch","line":2,"loc":{"start":{"line":2,"column":0},"end":{"line":2,"column":80}},"locations":[{"start":{"line":2,"column":0},"end":{"line":2,"column":80}}]},"19":{"type":"branch","line":2,"loc":{"start":{"line":2,"column":0},"end":{"line":2,"column":80}},"locations":[{"start":{"line":2,"column":0},"end":{"line":2,"column":80}}]},"20":{"type":"branch","line":2,"loc":{"start":{"line":2,"column":0},"end":{"line":2,"column":80}},"locations":[{"start":{"line":2,"column":0},"end":{"line":2,"column":80}}]},"21":{"type":"branch","line":2,"loc":{"start":{"line":2,"column":0},"end":{"line":2,"column":80}},"locations":[{"start":{"line":2,"column":0},"end":{"line":2,"column":80}}]},"22":{"type":"branch","line":14,"loc":{"start":{"line":14,"column":20},"end":{"line":165,"column":4}},"locations":[{"start":{"line":14,"column":20},"end":{"line":165,"column":4}}]},"23":{"type":"branch","line":15,"loc":{"start":{"line":15,"column":2},"end":{"line":35,"column":4}},"locations":[{"start":{"line":15,"column":2},"end":{"line":35,"column":4}}]},"24":{"type":"branch","line":22,"loc":{"start":{"line":22,"column":11},"end":{"line":34,"column":34}},"locations":[{"start":{"line":22,"column":11},"end":{"line":34,"column":34}}]},"25":{"type":"branch","line":22,"loc":{"start":{"line":22,"column":29},"end":{"line":34,"column":34}},"locations":[{"start":{"line":22,"column":29},"end":{"line":34,"column":34}}]},"26":{"type":"branch","line":22,"loc":{"start":{"line":22,"column":29},"end":{"line":34,"column":34}},"locations":[{"start":{"line":22,"column":29},"end":{"line":34,"column":34}}]},"27":{"type":"branch","line":22,"loc":{"start":{"line":22,"column":29},"end":{"line":24,"column":64}},"locations":[{"start":{"line":22,"column":29},"end":{"line":24,"column":64}}]},"28":{"type":"branch","line":24,"loc":{"start":{"line":24,"column":63},"end":{"line":27,"column":40}},"locations":[{"start":{"line":24,"column":63},"end":{"line":27,"column":40}}]},"29":{"type":"branch","line":26,"loc":{"start":{"line":26,"column":16},"end":{"line":27,"column":40}},"locations":[{"start":{"line":26,"column":16},"end":{"line":27,"column":40}}]},"30":{"type":"branch","line":27,"loc":{"start":{"line":27,"column":39},"end":{"line":34,"column":34}},"locations":[{"start":{"line":27,"column":39},"end":{"line":34,"column":34}}]},"31":{"type":"branch","line":35,"loc":{"start":{"line":35,"column":3},"end":{"line":35,"column":4}},"locations":[{"start":{"line":35,"column":3},"end":{"line":35,"column":4}}]},"32":{"type":"branch","line":37,"loc":{"start":{"line":37,"column":2},"end":{"line":62,"column":4}},"locations":[{"start":{"line":37,"column":2},"end":{"line":62,"column":4}}]},"33":{"type":"branch","line":44,"loc":{"start":{"line":44,"column":11},"end":{"line":61,"column":41}},"locations":[{"start":{"line":44,"column":11},"end":{"line":61,"column":41}}]},"34":{"type":"branch","line":44,"loc":{"start":{"line":44,"column":35},"end":{"line":61,"column":41}},"locations":[{"start":{"line":44,"column":35},"end":{"line":61,"column":41}}]},"35":{"type":"branch","line":44,"loc":{"start":{"line":44,"column":35},"end":{"line":61,"column":41}},"locations":[{"start":{"line":44,"column":35},"end":{"line":61,"column":41}}]},"36":{"type":"branch","line":44,"loc":{"start":{"line":44,"column":35},"end":{"line":50,"column":32}},"locations":[{"start":{"line":44,"column":35},"end":{"line":50,"column":32}}]},"37":{"type":"branch","line":49,"loc":{"start":{"line":49,"column":32},"end":{"line":49,"column":35}},"locations":[{"start":{"line":49,"column":32},"end":{"line":49,"column":35}}]},"38":{"type":"branch","line":49,"loc":{"start":{"line":49,"column":32},"end":{"line":50,"column":32}},"locations":[{"start":{"line":49,"column":32},"end":{"line":50,"column":32}}]},"39":{"type":"branch","line":50,"loc":{"start":{"line":50,"column":31},"end":{"line":53,"column":66}},"locations":[{"start":{"line":50,"column":31},"end":{"line":53,"column":66}}]},"40":{"type":"branch","line":53,"loc":{"start":{"line":53,"column":65},"end":{"line":57,"column":40}},"locations":[{"start":{"line":53,"column":65},"end":{"line":57,"column":40}}]},"41":{"type":"branch","line":56,"loc":{"start":{"line":56,"column":15},"end":{"line":57,"column":40}},"locations":[{"start":{"line":56,"column":15},"end":{"line":57,"column":40}}]},"42":{"type":"branch","line":57,"loc":{"start":{"line":57,"column":39},"end":{"line":61,"column":41}},"locations":[{"start":{"line":57,"column":39},"end":{"line":61,"column":41}}]},"43":{"type":"branch","line":61,"loc":{"start":{"line":61,"column":40},"end":{"line":61,"column":41}},"locations":[{"start":{"line":61,"column":40},"end":{"line":61,"column":41}}]},"44":{"type":"branch","line":61,"loc":{"start":{"line":61,"column":40},"end":{"line":61,"column":41}},"locations":[{"start":{"line":61,"column":40},"end":{"line":61,"column":41}}]},"45":{"type":"branch","line":62,"loc":{"start":{"line":62,"column":3},"end":{"line":62,"column":4}},"locations":[{"start":{"line":62,"column":3},"end":{"line":62,"column":4}}]},"46":{"type":"branch","line":64,"loc":{"start":{"line":64,"column":2},"end":{"line":88,"column":4}},"locations":[{"start":{"line":64,"column":2},"end":{"line":88,"column":4}}]},"47":{"type":"branch","line":71,"loc":{"start":{"line":71,"column":11},"end":{"line":87,"column":34}},"locations":[{"start":{"line":71,"column":11},"end":{"line":87,"column":34}}]},"48":{"type":"branch","line":71,"loc":{"start":{"line":71,"column":35},"end":{"line":87,"column":34}},"locations":[{"start":{"line":71,"column":35},"end":{"line":87,"column":34}}]},"49":{"type":"branch","line":71,"loc":{"start":{"line":71,"column":35},"end":{"line":87,"column":34}},"locations":[{"start":{"line":71,"column":35},"end":{"line":87,"column":34}}]},"50":{"type":"branch","line":71,"loc":{"start":{"line":71,"column":35},"end":{"line":73,"column":74}},"locations":[{"start":{"line":71,"column":35},"end":{"line":73,"column":74}}]},"51":{"type":"branch","line":73,"loc":{"start":{"line":73,"column":73},"end":{"line":77,"column":32}},"locations":[{"start":{"line":73,"column":73},"end":{"line":77,"column":32}}]},"52":{"type":"branch","line":76,"loc":{"start":{"line":76,"column":23},"end":{"line":76,"column":26}},"locations":[{"start":{"line":76,"column":23},"end":{"line":76,"column":26}}]},"53":{"type":"branch","line":76,"loc":{"start":{"line":76,"column":23},"end":{"line":77,"column":32}},"locations":[{"start":{"line":76,"column":23},"end":{"line":77,"column":32}}]},"54":{"type":"branch","line":77,"loc":{"start":{"line":77,"column":31},"end":{"line":82,"column":43}},"locations":[{"start":{"line":77,"column":31},"end":{"line":82,"column":43}}]},"55":{"type":"branch","line":81,"loc":{"start":{"line":81,"column":15},"end":{"line":82,"column":43}},"locations":[{"start":{"line":81,"column":15},"end":{"line":82,"column":43}}]},"56":{"type":"branch","line":82,"loc":{"start":{"line":82,"column":42},"end":{"line":87,"column":34}},"locations":[{"start":{"line":82,"column":42},"end":{"line":87,"column":34}}]},"57":{"type":"branch","line":88,"loc":{"start":{"line":88,"column":3},"end":{"line":88,"column":4}},"locations":[{"start":{"line":88,"column":3},"end":{"line":88,"column":4}}]},"58":{"type":"branch","line":90,"loc":{"start":{"line":90,"column":2},"end":{"line":125,"column":4}},"locations":[{"start":{"line":90,"column":2},"end":{"line":125,"column":4}}]},"59":{"type":"branch","line":97,"loc":{"start":{"line":97,"column":11},"end":{"line":124,"column":34}},"locations":[{"start":{"line":97,"column":11},"end":{"line":124,"column":34}}]},"60":{"type":"branch","line":97,"loc":{"start":{"line":97,"column":35},"end":{"line":124,"column":34}},"locations":[{"start":{"line":97,"column":35},"end":{"line":124,"column":34}}]},"61":{"type":"branch","line":97,"loc":{"start":{"line":97,"column":35},"end":{"line":124,"column":34}},"locations":[{"start":{"line":97,"column":35},"end":{"line":124,"column":34}}]},"62":{"type":"branch","line":97,"loc":{"start":{"line":97,"column":35},"end":{"line":103,"column":36}},"locations":[{"start":{"line":97,"column":35},"end":{"line":103,"column":36}}]},"63":{"type":"branch","line":102,"loc":{"start":{"line":102,"column":50},"end":{"line":102,"column":107}},"locations":[{"start":{"line":102,"column":50},"end":{"line":102,"column":107}}]},"64":{"type":"branch","line":102,"loc":{"start":{"line":102,"column":107},"end":{"line":103,"column":36}},"locations":[{"start":{"line":102,"column":107},"end":{"line":103,"column":36}}]},"65":{"type":"branch","line":103,"loc":{"start":{"line":103,"column":35},"end":{"line":108,"column":36}},"locations":[{"start":{"line":103,"column":35},"end":{"line":108,"column":36}}]},"66":{"type":"branch","line":107,"loc":{"start":{"line":107,"column":51},"end":{"line":107,"column":84}},"locations":[{"start":{"line":107,"column":51},"end":{"line":107,"column":84}}]},"67":{"type":"branch","line":107,"loc":{"start":{"line":107,"column":84},"end":{"line":108,"column":36}},"locations":[{"start":{"line":107,"column":84},"end":{"line":108,"column":36}}]},"68":{"type":"branch","line":108,"loc":{"start":{"line":108,"column":35},"end":{"line":111,"column":74}},"locations":[{"start":{"line":108,"column":35},"end":{"line":111,"column":74}}]},"69":{"type":"branch","line":111,"loc":{"start":{"line":111,"column":73},"end":{"line":115,"column":40}},"locations":[{"start":{"line":111,"column":73},"end":{"line":115,"column":40}}]},"70":{"type":"branch","line":114,"loc":{"start":{"line":114,"column":23},"end":{"line":114,"column":47}},"locations":[{"start":{"line":114,"column":23},"end":{"line":114,"column":47}}]},"71":{"type":"branch","line":114,"loc":{"start":{"line":114,"column":47},"end":{"line":115,"column":40}},"locations":[{"start":{"line":114,"column":47},"end":{"line":115,"column":40}}]},"72":{"type":"branch","line":115,"loc":{"start":{"line":115,"column":39},"end":{"line":120,"column":43}},"locations":[{"start":{"line":115,"column":39},"end":{"line":120,"column":43}}]},"73":{"type":"branch","line":119,"loc":{"start":{"line":119,"column":15},"end":{"line":120,"column":43}},"locations":[{"start":{"line":119,"column":15},"end":{"line":120,"column":43}}]},"74":{"type":"branch","line":120,"loc":{"start":{"line":120,"column":42},"end":{"line":124,"column":34}},"locations":[{"start":{"line":120,"column":42},"end":{"line":124,"column":34}}]},"75":{"type":"branch","line":125,"loc":{"start":{"line":125,"column":3},"end":{"line":125,"column":4}},"locations":[{"start":{"line":125,"column":3},"end":{"line":125,"column":4}}]},"76":{"type":"branch","line":127,"loc":{"start":{"line":127,"column":2},"end":{"line":165,"column":4}},"locations":[{"start":{"line":127,"column":2},"end":{"line":165,"column":4}}]},"77":{"type":"branch","line":134,"loc":{"start":{"line":134,"column":14},"end":{"line":164,"column":53}},"locations":[{"start":{"line":134,"column":14},"end":{"line":164,"column":53}}]},"78":{"type":"branch","line":134,"loc":{"start":{"line":134,"column":38},"end":{"line":164,"column":53}},"locations":[{"start":{"line":134,"column":38},"end":{"line":164,"column":53}}]},"79":{"type":"branch","line":134,"loc":{"start":{"line":134,"column":38},"end":{"line":164,"column":53}},"locations":[{"start":{"line":134,"column":38},"end":{"line":164,"column":53}}]},"80":{"type":"branch","line":134,"loc":{"start":{"line":134,"column":38},"end":{"line":140,"column":36}},"locations":[{"start":{"line":134,"column":38},"end":{"line":140,"column":36}}]},"81":{"type":"branch","line":139,"loc":{"start":{"line":139,"column":50},"end":{"line":139,"column":107}},"locations":[{"start":{"line":139,"column":50},"end":{"line":139,"column":107}}]},"82":{"type":"branch","line":139,"loc":{"start":{"line":139,"column":107},"end":{"line":139,"column":140}},"locations":[{"start":{"line":139,"column":107},"end":{"line":139,"column":140}}]},"83":{"type":"branch","line":139,"loc":{"start":{"line":139,"column":140},"end":{"line":140,"column":36}},"locations":[{"start":{"line":139,"column":140},"end":{"line":140,"column":36}}]},"84":{"type":"branch","line":140,"loc":{"start":{"line":140,"column":35},"end":{"line":145,"column":36}},"locations":[{"start":{"line":140,"column":35},"end":{"line":145,"column":36}}]},"85":{"type":"branch","line":144,"loc":{"start":{"line":144,"column":50},"end":{"line":144,"column":107}},"locations":[{"start":{"line":144,"column":50},"end":{"line":144,"column":107}}]},"86":{"type":"branch","line":144,"loc":{"start":{"line":144,"column":107},"end":{"line":145,"column":36}},"locations":[{"start":{"line":144,"column":107},"end":{"line":145,"column":36}}]},"87":{"type":"branch","line":145,"loc":{"start":{"line":145,"column":35},"end":{"line":150,"column":36}},"locations":[{"start":{"line":145,"column":35},"end":{"line":150,"column":36}}]},"88":{"type":"branch","line":149,"loc":{"start":{"line":149,"column":37},"end":{"line":150,"column":36}},"locations":[{"start":{"line":149,"column":37},"end":{"line":150,"column":36}}]},"89":{"type":"branch","line":150,"loc":{"start":{"line":150,"column":35},"end":{"line":153,"column":69}},"locations":[{"start":{"line":150,"column":35},"end":{"line":153,"column":69}}]},"90":{"type":"branch","line":153,"loc":{"start":{"line":153,"column":68},"end":{"line":157,"column":32}},"locations":[{"start":{"line":153,"column":68},"end":{"line":157,"column":32}}]},"91":{"type":"branch","line":156,"loc":{"start":{"line":156,"column":28},"end":{"line":157,"column":32}},"locations":[{"start":{"line":156,"column":28},"end":{"line":157,"column":32}}]},"92":{"type":"branch","line":157,"loc":{"start":{"line":157,"column":31},"end":{"line":162,"column":32}},"locations":[{"start":{"line":157,"column":31},"end":{"line":162,"column":32}}]},"93":{"type":"branch","line":161,"loc":{"start":{"line":161,"column":20},"end":{"line":162,"column":32}},"locations":[{"start":{"line":161,"column":20},"end":{"line":162,"column":32}}]},"94":{"type":"branch","line":162,"loc":{"start":{"line":162,"column":31},"end":{"line":164,"column":53}},"locations":[{"start":{"line":162,"column":31},"end":{"line":164,"column":53}}]},"95":{"type":"branch","line":165,"loc":{"start":{"line":165,"column":3},"end":{"line":165,"column":4}},"locations":[{"start":{"line":165,"column":3},"end":{"line":165,"column":4}}]}},"b":{"0":[27],"1":[9],"2":[18],"3":[5],"4":[13],"5":[65],"6":[14],"7":[14],"8":[27],"9":[1],"10":[0],"11":[0],"12":[13],"13":[0],"14":[65],"15":[0],"16":[65],"17":[0],"18":[65],"19":[0],"20":[0],"21":[0],"22":[13],"23":[13],"24":[2],"25":[5],"26":[6],"27":[2],"28":[2],"29":[1],"30":[1],"31":[2],"32":[13],"33":[3],"34":[8],"35":[11],"36":[3],"37":[2],"38":[1],"39":[2],"40":[2],"41":[1],"42":[1],"43":[0],"44":[3],"45":[3],"46":[13],"47":[3],"48":[8],"49":[11],"50":[3],"51":[3],"52":[2],"53":[1],"54":[2],"55":[1],"56":[1],"57":[3],"58":[13],"59":[4],"60":[11],"61":[22],"62":[4],"63":[0],"64":[0],"65":[4],"66":[0],"67":[0],"68":[4],"69":[4],"70":[3],"71":[2],"72":[2],"73":[1],"74":[1],"75":[4],"76":[13],"77":[2],"78":[5],"79":[13],"80":[2],"81":[0],"82":[0],"83":[0],"84":[2],"85":[0],"86":[0],"87":[2],"88":[0],"89":[2],"90":[2],"91":[1],"92":[1],"93":[0],"94":[1],"95":[2]},"fnMap":{"0":{"name":"asyncGeneratorStep","decl":{"start":{"line":2,"column":0},"end":{"line":2,"column":80}},"loc":{"start":{"line":2,"column":0},"end":{"line":2,"column":80}},"line":2},"1":{"name":"_asyncToGenerator","decl":{"start":{"line":2,"column":0},"end":{"line":2,"column":80}},"loc":{"start":{"line":2,"column":0},"end":{"line":2,"column":80}},"line":2},"2":{"name":"_next","decl":{"start":{"line":2,"column":0},"end":{"line":2,"column":80}},"loc":{"start":{"line":2,"column":0},"end":{"line":2,"column":80}},"line":2},"3":{"name":"_throw","decl":{"start":{"line":2,"column":0},"end":{"line":2,"column":80}},"loc":{"start":{"line":2,"column":0},"end":{"line":2,"column":80}},"line":2},"4":{"name":"_defineProperties","decl":{"start":{"line":2,"column":0},"end":{"line":2,"column":80}},"loc":{"start":{"line":2,"column":0},"end":{"line":2,"column":80}},"line":2},"5":{"name":"_createClass","decl":{"start":{"line":2,"column":0},"end":{"line":2,"column":80}},"loc":{"start":{"line":2,"column":0},"end":{"line":2,"column":80}},"line":2},"6":{"name":"_classCallCheck","decl":{"start":{"line":2,"column":0},"end":{"line":2,"column":80}},"loc":{"start":{"line":2,"column":0},"end":{"line":2,"column":80}},"line":2},"7":{"name":"_defineProperty","decl":{"start":{"line":2,"column":0},"end":{"line":2,"column":80}},"loc":{"start":{"line":2,"column":0},"end":{"line":2,"column":80}},"line":2},"8":{"name":"_toPropertyKey","decl":{"start":{"line":2,"column":0},"end":{"line":2,"column":80}},"loc":{"start":{"line":2,"column":0},"end":{"line":2,"column":80}},"line":2},"9":{"name":"_toPrimitive","decl":{"start":{"line":2,"column":0},"end":{"line":2,"column":80}},"loc":{"start":{"line":2,"column":0},"end":{"line":2,"column":80}},"line":2},"10":{"name":"CoreController","decl":{"start":{"line":14,"column":20},"end":{"line":165,"column":4}},"loc":{"start":{"line":14,"column":20},"end":{"line":165,"column":4}},"line":14},"11":{"name":"_callee","decl":{"start":{"line":22,"column":11},"end":{"line":34,"column":34}},"loc":{"start":{"line":22,"column":11},"end":{"line":34,"column":34}},"line":22},"12":{"name":"_callee$","decl":{"start":{"line":22,"column":29},"end":{"line":34,"column":34}},"loc":{"start":{"line":22,"column":29},"end":{"line":34,"column":34}},"line":22},"13":{"name":"_callee2","decl":{"start":{"line":44,"column":11},"end":{"line":61,"column":41}},"loc":{"start":{"line":44,"column":11},"end":{"line":61,"column":41}},"line":44},"14":{"name":"_callee2$","decl":{"start":{"line":44,"column":35},"end":{"line":61,"column":41}},"loc":{"start":{"line":44,"column":35},"end":{"line":61,"column":41}},"line":44},"15":{"name":"_callee3","decl":{"start":{"line":71,"column":11},"end":{"line":87,"column":34}},"loc":{"start":{"line":71,"column":11},"end":{"line":87,"column":34}},"line":71},"16":{"name":"_callee3$","decl":{"start":{"line":71,"column":35},"end":{"line":87,"column":34}},"loc":{"start":{"line":71,"column":35},"end":{"line":87,"column":34}},"line":71},"17":{"name":"_callee4","decl":{"start":{"line":97,"column":11},"end":{"line":124,"column":34}},"loc":{"start":{"line":97,"column":11},"end":{"line":124,"column":34}},"line":97},"18":{"name":"_callee4$","decl":{"start":{"line":97,"column":35},"end":{"line":124,"column":34}},"loc":{"start":{"line":97,"column":35},"end":{"line":124,"column":34}},"line":97},"19":{"name":"_callee5","decl":{"start":{"line":134,"column":14},"end":{"line":164,"column":53}},"loc":{"start":{"line":134,"column":14},"end":{"line":164,"column":53}},"line":134},"20":{"name":"_callee5$","decl":{"start":{"line":134,"column":38},"end":{"line":164,"column":53}},"loc":{"start":{"line":134,"column":38},"end":{"line":164,"column":53}},"line":134}},"f":{"0":27,"1":65,"2":27,"3":0,"4":0,"5":1,"6":13,"7":65,"8":65,"9":65,"10":13,"11":2,"12":5,"13":3,"14":8,"15":3,"16":8,"17":4,"18":11,"19":2,"20":5}}
,"/var/www/html/arancini/projet-05-pepine-back/app/errors/BadInputError.js": {"path":"/var/www/html/arancini/projet-05-pepine-back/app/errors/BadInputError.js","all":false,"statementMap":{"0":{"start":{"line":1,"column":0},"end":{"line":1,"column":38}},"1":{"start":{"line":2,"column":0},"end":{"line":2,"column":35}},"2":{"start":{"line":3,"column":0},"end":{"line":3,"column":5}},"3":{"start":{"line":4,"column":0},"end":{"line":4,"column":31}},"4":{"start":{"line":5,"column":0},"end":{"line":5,"column":6}},"5":{"start":{"line":6,"column":0},"end":{"line":6,"column":22}},"6":{"start":{"line":7,"column":0},"end":{"line":7,"column":6}},"7":{"start":{"line":8,"column":0},"end":{"line":8,"column":56}},"8":{"start":{"line":9,"column":0},"end":{"line":9,"column":7}},"9":{"start":{"line":10,"column":0},"end":{"line":10,"column":30}},"10":{"start":{"line":11,"column":0},"end":{"line":11,"column":29}},"11":{"start":{"line":12,"column":0},"end":{"line":12,"column":24}},"12":{"start":{"line":13,"column":0},"end":{"line":13,"column":41}},"13":{"start":{"line":14,"column":0},"end":{"line":14,"column":58}},"14":{"start":{"line":15,"column":0},"end":{"line":15,"column":5}},"15":{"start":{"line":16,"column":0},"end":{"line":16,"column":30}},"16":{"start":{"line":17,"column":0},"end":{"line":17,"column":3}},"17":{"start":{"line":18,"column":0},"end":{"line":18,"column":1}},"18":{"start":{"line":19,"column":0},"end":{"line":19,"column":0}},"19":{"start":{"line":20,"column":0},"end":{"line":20,"column":29}}},"s":{"0":1,"1":1,"2":1,"3":1,"4":1,"5":1,"6":1,"7":1,"8":1,"9":1,"10":1,"11":1,"12":0,"13":0,"14":0,"15":1,"16":1,"17":1,"18":1,"19":1},"branchMap":{"0":{"type":"branch","line":2,"loc":{"start":{"line":2,"column":19},"end":{"line":17,"column":3}},"locations":[{"start":{"line":2,"column":19},"end":{"line":17,"column":3}}]},"1":{"type":"branch","line":10,"loc":{"start":{"line":10,"column":2},"end":{"line":17,"column":3}},"locations":[{"start":{"line":10,"column":2},"end":{"line":17,"column":3}}]},"2":{"type":"branch","line":12,"loc":{"start":{"line":12,"column":23},"end":{"line":15,"column":5}},"locations":[{"start":{"line":12,"column":23},"end":{"line":15,"column":5}}]}},"b":{"0":[1],"1":[1],"2":[0]},"fnMap":{"0":{"name":"BadInputError","decl":{"start":{"line":10,"column":2},"end":{"line":17,"column":3}},"loc":{"start":{"line":10,"column":2},"end":{"line":17,"column":3}},"line":10}},"f":{"0":1}}
,"/var/www/html/arancini/projet-05-pepine-back/app/errors/ConflictError.js": {"path":"/var/www/html/arancini/projet-05-pepine-back/app/errors/ConflictError.js","all":false,"statementMap":{"0":{"start":{"line":1,"column":0},"end":{"line":1,"column":43}},"1":{"start":{"line":2,"column":0},"end":{"line":2,"column":35}},"2":{"start":{"line":3,"column":0},"end":{"line":3,"column":5}},"3":{"start":{"line":4,"column":0},"end":{"line":4,"column":32}},"4":{"start":{"line":5,"column":0},"end":{"line":5,"column":8}},"5":{"start":{"line":6,"column":0},"end":{"line":6,"column":24}},"6":{"start":{"line":7,"column":0},"end":{"line":7,"column":8}},"7":{"start":{"line":8,"column":0},"end":{"line":8,"column":58}},"8":{"start":{"line":9,"column":0},"end":{"line":9,"column":9}},"9":{"start":{"line":10,"column":0},"end":{"line":10,"column":30}},"10":{"start":{"line":11,"column":0},"end":{"line":11,"column":76}},"11":{"start":{"line":12,"column":0},"end":{"line":12,"column":24}},"12":{"start":{"line":13,"column":0},"end":{"line":13,"column":41}},"13":{"start":{"line":14,"column":0},"end":{"line":14,"column":5}},"14":{"start":{"line":15,"column":0},"end":{"line":15,"column":30}},"15":{"start":{"line":16,"column":0},"end":{"line":16,"column":3}},"16":{"start":{"line":17,"column":0},"end":{"line":17,"column":1}},"17":{"start":{"line":18,"column":0},"end":{"line":18,"column":0}},"18":{"start":{"line":19,"column":0},"end":{"line":19,"column":29}}},"s":{"0":1,"1":1,"2":1,"3":1,"4":1,"5":1,"6":1,"7":1,"8":1,"9":1,"10":2,"11":2,"12":0,"13":0,"14":2,"15":2,"16":1,"17":1,"18":1},"branchMap":{"0":{"type":"branch","line":2,"loc":{"start":{"line":2,"column":19},"end":{"line":16,"column":3}},"locations":[{"start":{"line":2,"column":19},"end":{"line":16,"column":3}}]},"1":{"type":"branch","line":10,"loc":{"start":{"line":10,"column":2},"end":{"line":16,"column":3}},"locations":[{"start":{"line":10,"column":2},"end":{"line":16,"column":3}}]},"2":{"type":"branch","line":12,"loc":{"start":{"line":12,"column":23},"end":{"line":14,"column":5}},"locations":[{"start":{"line":12,"column":23},"end":{"line":14,"column":5}}]}},"b":{"0":[1],"1":[2],"2":[0]},"fnMap":{"0":{"name":"ConflictError","decl":{"start":{"line":10,"column":2},"end":{"line":16,"column":3}},"loc":{"start":{"line":10,"column":2},"end":{"line":16,"column":3}},"line":10}},"f":{"0":2}}
,"/var/www/html/arancini/projet-05-pepine-back/app/errors/NoRessourceFoundError.js": {"path":"/var/www/html/arancini/projet-05-pepine-back/app/errors/NoRessourceFoundError.js","all":false,"statementMap":{"0":{"start":{"line":1,"column":0},"end":{"line":1,"column":52}},"1":{"start":{"line":2,"column":0},"end":{"line":2,"column":42}},"2":{"start":{"line":3,"column":0},"end":{"line":3,"column":5}},"3":{"start":{"line":4,"column":0},"end":{"line":4,"column":39}},"4":{"start":{"line":5,"column":0},"end":{"line":5,"column":6}},"5":{"start":{"line":6,"column":0},"end":{"line":6,"column":22}},"6":{"start":{"line":7,"column":0},"end":{"line":7,"column":7}},"7":{"start":{"line":8,"column":0},"end":{"line":8,"column":17}},"8":{"start":{"line":9,"column":0},"end":{"line":9,"column":35}},"9":{"start":{"line":10,"column":0},"end":{"line":10,"column":30}},"10":{"start":{"line":11,"column":0},"end":{"line":11,"column":3}},"11":{"start":{"line":12,"column":0},"end":{"line":12,"column":1}},"12":{"start":{"line":13,"column":0},"end":{"line":13,"column":0}},"13":{"start":{"line":14,"column":0},"end":{"line":14,"column":36}}},"s":{"0":1,"1":1,"2":2,"3":2,"4":2,"5":2,"6":2,"7":2,"8":4,"9":4,"10":4,"11":1,"12":1,"13":1},"branchMap":{"0":{"type":"branch","line":2,"loc":{"start":{"line":2,"column":26},"end":{"line":11,"column":3}},"locations":[{"start":{"line":2,"column":26},"end":{"line":11,"column":3}}]},"1":{"type":"branch","line":8,"loc":{"start":{"line":8,"column":2},"end":{"line":11,"column":3}},"locations":[{"start":{"line":8,"column":2},"end":{"line":11,"column":3}}]}},"b":{"0":[2],"1":[4]},"fnMap":{"0":{"name":"NoResourceFoundError","decl":{"start":{"line":8,"column":2},"end":{"line":11,"column":3}},"loc":{"start":{"line":8,"column":2},"end":{"line":11,"column":3}},"line":8}},"f":{"0":4}}
,"/var/www/html/arancini/projet-05-pepine-back/app/errors/Unauthorized.js": {"path":"/var/www/html/arancini/projet-05-pepine-back/app/errors/Unauthorized.js","all":false,"statementMap":{"0":{"start":{"line":1,"column":0},"end":{"line":1,"column":47}},"1":{"start":{"line":2,"column":0},"end":{"line":2,"column":39}},"2":{"start":{"line":3,"column":0},"end":{"line":3,"column":5}},"3":{"start":{"line":4,"column":0},"end":{"line":4,"column":38}},"4":{"start":{"line":5,"column":0},"end":{"line":5,"column":10}},"5":{"start":{"line":6,"column":0},"end":{"line":6,"column":26}},"6":{"start":{"line":7,"column":0},"end":{"line":7,"column":10}},"7":{"start":{"line":8,"column":0},"end":{"line":8,"column":60}},"8":{"start":{"line":9,"column":0},"end":{"line":9,"column":11}},"9":{"start":{"line":10,"column":0},"end":{"line":10,"column":30}},"10":{"start":{"line":11,"column":0},"end":{"line":11,"column":53}},"11":{"start":{"line":12,"column":0},"end":{"line":12,"column":24}},"12":{"start":{"line":13,"column":0},"end":{"line":13,"column":41}},"13":{"start":{"line":14,"column":0},"end":{"line":14,"column":5}},"14":{"start":{"line":15,"column":0},"end":{"line":15,"column":30}},"15":{"start":{"line":16,"column":0},"end":{"line":16,"column":3}},"16":{"start":{"line":17,"column":0},"end":{"line":17,"column":1}},"17":{"start":{"line":18,"column":0},"end":{"line":18,"column":0}},"18":{"start":{"line":19,"column":0},"end":{"line":19,"column":33}}},"s":{"0":1,"1":1,"2":2,"3":2,"4":2,"5":2,"6":2,"7":2,"8":2,"9":2,"10":0,"11":0,"12":0,"13":0,"14":0,"15":0,"16":1,"17":1,"18":1},"branchMap":{"0":{"type":"branch","line":2,"loc":{"start":{"line":2,"column":23},"end":{"line":16,"column":3}},"locations":[{"start":{"line":2,"column":23},"end":{"line":16,"column":3}}]}},"b":{"0":[2]},"fnMap":{"0":{"name":"UnauthorizedError","decl":{"start":{"line":10,"column":2},"end":{"line":16,"column":3}},"loc":{"start":{"line":10,"column":2},"end":{"line":16,"column":3}},"line":10}},"f":{"0":0}}
,"/var/www/html/arancini/projet-05-pepine-back/app/errors/UnprocessableEntityError.js": {"path":"/var/www/html/arancini/projet-05-pepine-back/app/errors/UnprocessableEntityError.js","all":false,"statementMap":{"0":{"start":{"line":1,"column":0},"end":{"line":1,"column":44}},"1":{"start":{"line":2,"column":0},"end":{"line":2,"column":35}},"2":{"start":{"line":3,"column":0},"end":{"line":3,"column":5}},"3":{"start":{"line":4,"column":0},"end":{"line":4,"column":31}},"4":{"start":{"line":5,"column":0},"end":{"line":5,"column":6}},"5":{"start":{"line":6,"column":0},"end":{"line":6,"column":22}},"6":{"start":{"line":7,"column":0},"end":{"line":7,"column":6}},"7":{"start":{"line":8,"column":0},"end":{"line":8,"column":56}},"8":{"start":{"line":9,"column":0},"end":{"line":9,"column":7}},"9":{"start":{"line":10,"column":0},"end":{"line":10,"column":30}},"10":{"start":{"line":11,"column":0},"end":{"line":11,"column":34}},"11":{"start":{"line":12,"column":0},"end":{"line":12,"column":24}},"12":{"start":{"line":13,"column":0},"end":{"line":13,"column":41}},"13":{"start":{"line":14,"column":0},"end":{"line":14,"column":5}},"14":{"start":{"line":15,"column":0},"end":{"line":15,"column":30}},"15":{"start":{"line":16,"column":0},"end":{"line":16,"column":3}},"16":{"start":{"line":17,"column":0},"end":{"line":17,"column":1}},"17":{"start":{"line":18,"column":0},"end":{"line":18,"column":0}},"18":{"start":{"line":19,"column":0},"end":{"line":19,"column":29}}},"s":{"0":1,"1":1,"2":1,"3":1,"4":1,"5":1,"6":1,"7":1,"8":1,"9":1,"10":2,"11":2,"12":0,"13":0,"14":2,"15":2,"16":1,"17":1,"18":1},"branchMap":{"0":{"type":"branch","line":2,"loc":{"start":{"line":2,"column":19},"end":{"line":16,"column":3}},"locations":[{"start":{"line":2,"column":19},"end":{"line":16,"column":3}}]},"1":{"type":"branch","line":10,"loc":{"start":{"line":10,"column":2},"end":{"line":16,"column":3}},"locations":[{"start":{"line":10,"column":2},"end":{"line":16,"column":3}}]},"2":{"type":"branch","line":12,"loc":{"start":{"line":12,"column":23},"end":{"line":14,"column":5}},"locations":[{"start":{"line":12,"column":23},"end":{"line":14,"column":5}}]}},"b":{"0":[1],"1":[2],"2":[0]},"fnMap":{"0":{"name":"BadInputError","decl":{"start":{"line":10,"column":2},"end":{"line":16,"column":3}},"loc":{"start":{"line":10,"column":2},"end":{"line":16,"column":3}},"line":10}},"f":{"0":2}}
,"/var/www/html/arancini/projet-05-pepine-back/app/models/CoreDataMapper.js": {"path":"/var/www/html/arancini/projet-05-pepine-back/app/models/CoreDataMapper.js","all":false,"statementMap":{"0":{"start":{"line":1,"column":0},"end":{"line":1,"column":26}},"1":{"start":{"line":2,"column":0},"end":{"line":2,"column":43}},"2":{"start":{"line":3,"column":0},"end":{"line":3,"column":0}},"3":{"start":{"line":4,"column":0},"end":{"line":4,"column":45}},"4":{"start":{"line":5,"column":0},"end":{"line":5,"column":0}},"5":{"start":{"line":6,"column":0},"end":{"line":6,"column":3}},"6":{"start":{"line":7,"column":0},"end":{"line":7,"column":60}},"7":{"start":{"line":8,"column":0},"end":{"line":8,"column":3}},"8":{"start":{"line":9,"column":0},"end":{"line":9,"column":22}},"9":{"start":{"line":10,"column":0},"end":{"line":10,"column":5}},"10":{"start":{"line":11,"column":0},"end":{"line":11,"column":23}},"11":{"start":{"line":12,"column":0},"end":{"line":12,"column":4}},"12":{"start":{"line":13,"column":0},"end":{"line":13,"column":11}},"13":{"start":{"line":14,"column":0},"end":{"line":14,"column":51}},"14":{"start":{"line":15,"column":0},"end":{"line":15,"column":5}},"15":{"start":{"line":16,"column":0},"end":{"line":16,"column":19}},"16":{"start":{"line":17,"column":0},"end":{"line":17,"column":46}},"17":{"start":{"line":18,"column":0},"end":{"line":18,"column":86}},"18":{"start":{"line":19,"column":0},"end":{"line":19,"column":27}},"19":{"start":{"line":20,"column":0},"end":{"line":20,"column":11}},"20":{"start":{"line":21,"column":0},"end":{"line":21,"column":50}},"21":{"start":{"line":22,"column":0},"end":{"line":22,"column":6}},"22":{"start":{"line":23,"column":0},"end":{"line":23,"column":54}},"23":{"start":{"line":24,"column":0},"end":{"line":24,"column":24}},"24":{"start":{"line":25,"column":0},"end":{"line":25,"column":3}},"25":{"start":{"line":26,"column":0},"end":{"line":26,"column":0}},"26":{"start":{"line":27,"column":0},"end":{"line":27,"column":5}},"27":{"start":{"line":28,"column":0},"end":{"line":28,"column":40}},"28":{"start":{"line":29,"column":0},"end":{"line":29,"column":4}},"29":{"start":{"line":30,"column":0},"end":{"line":30,"column":11}},"30":{"start":{"line":31,"column":0},"end":{"line":31,"column":46}},"31":{"start":{"line":32,"column":0},"end":{"line":32,"column":41}},"32":{"start":{"line":33,"column":0},"end":{"line":33,"column":5}},"33":{"start":{"line":34,"column":0},"end":{"line":34,"column":22}},"34":{"start":{"line":35,"column":0},"end":{"line":35,"column":54}},"35":{"start":{"line":36,"column":0},"end":{"line":36,"column":86}},"36":{"start":{"line":37,"column":0},"end":{"line":37,"column":27}},"37":{"start":{"line":38,"column":0},"end":{"line":38,"column":54}},"38":{"start":{"line":39,"column":0},"end":{"line":39,"column":19}},"39":{"start":{"line":40,"column":0},"end":{"line":40,"column":6}},"40":{"start":{"line":41,"column":0},"end":{"line":41,"column":54}},"41":{"start":{"line":42,"column":0},"end":{"line":42,"column":27}},"42":{"start":{"line":43,"column":0},"end":{"line":43,"column":3}},"43":{"start":{"line":44,"column":0},"end":{"line":44,"column":0}},"44":{"start":{"line":45,"column":0},"end":{"line":45,"column":5}},"45":{"start":{"line":46,"column":0},"end":{"line":46,"column":24}},"46":{"start":{"line":47,"column":0},"end":{"line":47,"column":4}},"47":{"start":{"line":48,"column":0},"end":{"line":48,"column":11}},"48":{"start":{"line":49,"column":0},"end":{"line":49,"column":53}},"49":{"start":{"line":50,"column":0},"end":{"line":50,"column":50}},"50":{"start":{"line":51,"column":0},"end":{"line":51,"column":5}},"51":{"start":{"line":52,"column":0},"end":{"line":52,"column":27}},"52":{"start":{"line":53,"column":0},"end":{"line":53,"column":45}},"53":{"start":{"line":54,"column":0},"end":{"line":54,"column":82}},"54":{"start":{"line":55,"column":0},"end":{"line":55,"column":86}},"55":{"start":{"line":56,"column":0},"end":{"line":56,"column":91}},"56":{"start":{"line":57,"column":0},"end":{"line":57,"column":89}},"57":{"start":{"line":58,"column":0},"end":{"line":58,"column":89}},"58":{"start":{"line":59,"column":0},"end":{"line":59,"column":18}},"59":{"start":{"line":60,"column":0},"end":{"line":60,"column":69}},"60":{"start":{"line":61,"column":0},"end":{"line":61,"column":75}},"61":{"start":{"line":62,"column":0},"end":{"line":62,"column":24}},"62":{"start":{"line":63,"column":0},"end":{"line":63,"column":3}},"63":{"start":{"line":64,"column":0},"end":{"line":64,"column":0}},"64":{"start":{"line":65,"column":0},"end":{"line":65,"column":5}},"65":{"start":{"line":66,"column":0},"end":{"line":66,"column":38}},"66":{"start":{"line":67,"column":0},"end":{"line":67,"column":4}},"67":{"start":{"line":68,"column":0},"end":{"line":68,"column":11}},"68":{"start":{"line":69,"column":0},"end":{"line":69,"column":72}},"69":{"start":{"line":70,"column":0},"end":{"line":70,"column":51}},"70":{"start":{"line":71,"column":0},"end":{"line":71,"column":5}},"71":{"start":{"line":72,"column":0},"end":{"line":72,"column":27}},"72":{"start":{"line":73,"column":0},"end":{"line":73,"column":61}},"73":{"start":{"line":74,"column":0},"end":{"line":74,"column":39}},"74":{"start":{"line":75,"column":0},"end":{"line":75,"column":70}},"75":{"start":{"line":76,"column":0},"end":{"line":76,"column":18}},"76":{"start":{"line":77,"column":0},"end":{"line":77,"column":12}},"77":{"start":{"line":78,"column":0},"end":{"line":78,"column":6}},"78":{"start":{"line":79,"column":0},"end":{"line":79,"column":27}},"79":{"start":{"line":80,"column":0},"end":{"line":80,"column":3}},"80":{"start":{"line":81,"column":0},"end":{"line":81,"column":0}},"81":{"start":{"line":82,"column":0},"end":{"line":82,"column":5}},"82":{"start":{"line":83,"column":0},"end":{"line":83,"column":21}},"83":{"start":{"line":84,"column":0},"end":{"line":84,"column":4}},"84":{"start":{"line":85,"column":0},"end":{"line":85,"column":11}},"85":{"start":{"line":86,"column":0},"end":{"line":86,"column":39}},"86":{"start":{"line":87,"column":0},"end":{"line":87,"column":59}},"87":{"start":{"line":88,"column":0},"end":{"line":88,"column":5}},"88":{"start":{"line":89,"column":0},"end":{"line":89,"column":20}},"89":{"start":{"line":90,"column":0},"end":{"line":90,"column":52}},"90":{"start":{"line":91,"column":0},"end":{"line":91,"column":27}},"91":{"start":{"line":92,"column":0},"end":{"line":92,"column":70}},"92":{"start":{"line":93,"column":0},"end":{"line":93,"column":19}},"93":{"start":{"line":94,"column":0},"end":{"line":94,"column":6}},"94":{"start":{"line":95,"column":0},"end":{"line":95,"column":54}},"95":{"start":{"line":96,"column":0},"end":{"line":96,"column":28}},"96":{"start":{"line":97,"column":0},"end":{"line":97,"column":3}},"97":{"start":{"line":98,"column":0},"end":{"line":98,"column":1}},"98":{"start":{"line":99,"column":0},"end":{"line":99,"column":0}},"99":{"start":{"line":100,"column":0},"end":{"line":100,"column":30}}},"s":{"0":1,"1":0,"2":1,"3":1,"4":1,"5":1,"6":1,"7":1,"8":1,"9":5,"10":5,"11":5,"12":5,"13":5,"14":5,"15":5,"16":0,"17":0,"18":0,"19":0,"20":0,"21":0,"22":0,"23":0,"24":5,"25":5,"26":5,"27":5,"28":5,"29":5,"30":5,"31":5,"32":5,"33":5,"34":0,"35":0,"36":0,"37":0,"38":0,"39":0,"40":0,"41":0,"42":5,"43":5,"44":5,"45":5,"46":5,"47":5,"48":5,"49":5,"50":5,"51":5,"52":0,"53":0,"54":0,"55":0,"56":0,"57":0,"58":0,"59":0,"60":0,"61":0,"62":5,"63":5,"64":5,"65":5,"66":5,"67":5,"68":5,"69":5,"70":5,"71":5,"72":0,"73":0,"74":0,"75":0,"76":0,"77":0,"78":0,"79":5,"80":5,"81":5,"82":5,"83":5,"84":5,"85":5,"86":5,"87":5,"88":5,"89":0,"90":0,"91":0,"92":0,"93":0,"94":0,"95":0,"96":5,"97":1,"98":1,"99":1},"branchMap":{"0":{"type":"branch","line":2,"loc":{"start":{"line":2,"column":0},"end":{"line":2,"column":43}},"locations":[{"start":{"line":2,"column":0},"end":{"line":2,"column":43}}]},"1":{"type":"branch","line":2,"loc":{"start":{"line":2,"column":0},"end":{"line":2,"column":43}},"locations":[{"start":{"line":2,"column":0},"end":{"line":2,"column":43}}]},"2":{"type":"branch","line":2,"loc":{"start":{"line":2,"column":0},"end":{"line":2,"column":43}},"locations":[{"start":{"line":2,"column":0},"end":{"line":2,"column":43}}]},"3":{"type":"branch","line":2,"loc":{"start":{"line":2,"column":0},"end":{"line":2,"column":43}},"locations":[{"start":{"line":2,"column":0},"end":{"line":2,"column":43}}]},"4":{"type":"branch","line":2,"loc":{"start":{"line":2,"column":0},"end":{"line":2,"column":43}},"locations":[{"start":{"line":2,"column":0},"end":{"line":2,"column":43}}]},"5":{"type":"branch","line":2,"loc":{"start":{"line":2,"column":0},"end":{"line":2,"column":43}},"locations":[{"start":{"line":2,"column":0},"end":{"line":2,"column":43}}]},"6":{"type":"branch","line":2,"loc":{"start":{"line":2,"column":0},"end":{"line":2,"column":43}},"locations":[{"start":{"line":2,"column":0},"end":{"line":2,"column":43}}]},"7":{"type":"branch","line":2,"loc":{"start":{"line":2,"column":0},"end":{"line":2,"column":43}},"locations":[{"start":{"line":2,"column":0},"end":{"line":2,"column":43}}]},"8":{"type":"branch","line":2,"loc":{"start":{"line":2,"column":0},"end":{"line":2,"column":43}},"locations":[{"start":{"line":2,"column":0},"end":{"line":2,"column":43}}]},"9":{"type":"branch","line":2,"loc":{"start":{"line":2,"column":0},"end":{"line":2,"column":43}},"locations":[{"start":{"line":2,"column":0},"end":{"line":2,"column":43}}]},"10":{"type":"branch","line":2,"loc":{"start":{"line":2,"column":0},"end":{"line":2,"column":43}},"locations":[{"start":{"line":2,"column":0},"end":{"line":2,"column":43}}]},"11":{"type":"branch","line":2,"loc":{"start":{"line":2,"column":0},"end":{"line":2,"column":43}},"locations":[{"start":{"line":2,"column":0},"end":{"line":2,"column":43}}]},"12":{"type":"branch","line":2,"loc":{"start":{"line":2,"column":0},"end":{"line":2,"column":43}},"locations":[{"start":{"line":2,"column":0},"end":{"line":2,"column":43}}]},"13":{"type":"branch","line":2,"loc":{"start":{"line":2,"column":0},"end":{"line":2,"column":43}},"locations":[{"start":{"line":2,"column":0},"end":{"line":2,"column":43}}]},"14":{"type":"branch","line":2,"loc":{"start":{"line":2,"column":0},"end":{"line":2,"column":43}},"locations":[{"start":{"line":2,"column":0},"end":{"line":2,"column":43}}]},"15":{"type":"branch","line":2,"loc":{"start":{"line":2,"column":0},"end":{"line":2,"column":43}},"locations":[{"start":{"line":2,"column":0},"end":{"line":2,"column":43}}]},"16":{"type":"branch","line":2,"loc":{"start":{"line":2,"column":0},"end":{"line":2,"column":43}},"locations":[{"start":{"line":2,"column":0},"end":{"line":2,"column":43}}]},"17":{"type":"branch","line":2,"loc":{"start":{"line":2,"column":0},"end":{"line":2,"column":43}},"locations":[{"start":{"line":2,"column":0},"end":{"line":2,"column":43}}]},"18":{"type":"branch","line":2,"loc":{"start":{"line":2,"column":0},"end":{"line":2,"column":43}},"locations":[{"start":{"line":2,"column":0},"end":{"line":2,"column":43}}]},"19":{"type":"branch","line":2,"loc":{"start":{"line":2,"column":0},"end":{"line":2,"column":43}},"locations":[{"start":{"line":2,"column":0},"end":{"line":2,"column":43}}]},"20":{"type":"branch","line":2,"loc":{"start":{"line":2,"column":0},"end":{"line":2,"column":43}},"locations":[{"start":{"line":2,"column":0},"end":{"line":2,"column":43}}]},"21":{"type":"branch","line":2,"loc":{"start":{"line":2,"column":0},"end":{"line":2,"column":43}},"locations":[{"start":{"line":2,"column":0},"end":{"line":2,"column":43}}]},"22":{"type":"branch","line":2,"loc":{"start":{"line":2,"column":0},"end":{"line":2,"column":43}},"locations":[{"start":{"line":2,"column":0},"end":{"line":2,"column":43}}]},"23":{"type":"branch","line":2,"loc":{"start":{"line":2,"column":0},"end":{"line":2,"column":43}},"locations":[{"start":{"line":2,"column":0},"end":{"line":2,"column":43}}]},"24":{"type":"branch","line":2,"loc":{"start":{"line":2,"column":0},"end":{"line":2,"column":43}},"locations":[{"start":{"line":2,"column":0},"end":{"line":2,"column":43}}]},"25":{"type":"branch","line":2,"loc":{"start":{"line":2,"column":0},"end":{"line":2,"column":43}},"locations":[{"start":{"line":2,"column":0},"end":{"line":2,"column":43}}]},"26":{"type":"branch","line":2,"loc":{"start":{"line":2,"column":0},"end":{"line":2,"column":43}},"locations":[{"start":{"line":2,"column":0},"end":{"line":2,"column":43}}]},"27":{"type":"branch","line":2,"loc":{"start":{"line":2,"column":0},"end":{"line":2,"column":43}},"locations":[{"start":{"line":2,"column":0},"end":{"line":2,"column":43}}]},"28":{"type":"branch","line":2,"loc":{"start":{"line":2,"column":0},"end":{"line":2,"column":43}},"locations":[{"start":{"line":2,"column":0},"end":{"line":2,"column":43}}]},"29":{"type":"branch","line":9,"loc":{"start":{"line":9,"column":20},"end":{"line":97,"column":3}},"locations":[{"start":{"line":9,"column":20},"end":{"line":97,"column":3}}]},"30":{"type":"branch","line":9,"loc":{"start":{"line":9,"column":20},"end":{"line":9,"column":22}},"locations":[{"start":{"line":9,"column":20},"end":{"line":9,"column":22}}]},"31":{"type":"branch","line":10,"loc":{"start":{"line":10,"column":2},"end":{"line":25,"column":3}},"locations":[{"start":{"line":10,"column":2},"end":{"line":25,"column":3}}]},"32":{"type":"branch","line":27,"loc":{"start":{"line":27,"column":2},"end":{"line":43,"column":3}},"locations":[{"start":{"line":27,"column":2},"end":{"line":43,"column":3}}]},"33":{"type":"branch","line":45,"loc":{"start":{"line":45,"column":2},"end":{"line":63,"column":3}},"locations":[{"start":{"line":45,"column":2},"end":{"line":63,"column":3}}]},"34":{"type":"branch","line":65,"loc":{"start":{"line":65,"column":2},"end":{"line":80,"column":3}},"locations":[{"start":{"line":65,"column":2},"end":{"line":80,"column":3}}]},"35":{"type":"branch","line":82,"loc":{"start":{"line":82,"column":2},"end":{"line":97,"column":3}},"locations":[{"start":{"line":82,"column":2},"end":{"line":97,"column":3}}]}},"b":{"0":[0],"1":[0],"2":[0],"3":[0],"4":[0],"5":[0],"6":[20],"7":[65],"8":[10],"9":[30],"10":[5],"11":[0],"12":[0],"13":[0],"14":[25],"15":[0],"16":[25],"17":[5],"18":[0],"19":[5],"20":[25],"21":[5],"22":[0],"23":[25],"24":[0],"25":[25],"26":[0],"27":[0],"28":[0],"29":[5],"30":[5],"31":[5],"32":[5],"33":[5],"34":[5],"35":[5]},"fnMap":{"0":{"name":"_regeneratorRuntime","decl":{"start":{"line":2,"column":0},"end":{"line":2,"column":43}},"loc":{"start":{"line":2,"column":0},"end":{"line":2,"column":43}},"line":2},"1":{"name":"o","decl":{"start":{"line":2,"column":0},"end":{"line":2,"column":43}},"loc":{"start":{"line":2,"column":0},"end":{"line":2,"column":43}},"line":2},"2":{"name":"define","decl":{"start":{"line":2,"column":0},"end":{"line":2,"column":43}},"loc":{"start":{"line":2,"column":0},"end":{"line":2,"column":43}},"line":2},"3":{"name":"define","decl":{"start":{"line":2,"column":0},"end":{"line":2,"column":43}},"loc":{"start":{"line":2,"column":0},"end":{"line":2,"column":43}},"line":2},"4":{"name":"wrap","decl":{"start":{"line":2,"column":0},"end":{"line":2,"column":43}},"loc":{"start":{"line":2,"column":0},"end":{"line":2,"column":43}},"line":2},"5":{"name":"tryCatch","decl":{"start":{"line":2,"column":0},"end":{"line":2,"column":43}},"loc":{"start":{"line":2,"column":0},"end":{"line":2,"column":43}},"line":2},"6":{"name":"Generator","decl":{"start":{"line":2,"column":0},"end":{"line":2,"column":43}},"loc":{"start":{"line":2,"column":0},"end":{"line":2,"column":43}},"line":2},"7":{"name":"GeneratorFunction","decl":{"start":{"line":2,"column":0},"end":{"line":2,"column":43}},"loc":{"start":{"line":2,"column":0},"end":{"line":2,"column":43}},"line":2},"8":{"name":"GeneratorFunctionPrototype","decl":{"start":{"line":2,"column":0},"end":{"line":2,"column":43}},"loc":{"start":{"line":2,"column":0},"end":{"line":2,"column":43}},"line":2},"9":{"name":"defineIteratorMethods","decl":{"start":{"line":2,"column":0},"end":{"line":2,"column":43}},"loc":{"start":{"line":2,"column":0},"end":{"line":2,"column":43}},"line":2},"10":{"name":"AsyncIterator","decl":{"start":{"line":2,"column":0},"end":{"line":2,"column":43}},"loc":{"start":{"line":2,"column":0},"end":{"line":2,"column":43}},"line":2},"11":{"name":"makeInvokeMethod","decl":{"start":{"line":2,"column":0},"end":{"line":2,"column":43}},"loc":{"start":{"line":2,"column":0},"end":{"line":2,"column":43}},"line":2},"12":{"name":"maybeInvokeDelegate","decl":{"start":{"line":2,"column":0},"end":{"line":2,"column":43}},"loc":{"start":{"line":2,"column":0},"end":{"line":2,"column":43}},"line":2},"13":{"name":"pushTryEntry","decl":{"start":{"line":2,"column":0},"end":{"line":2,"column":43}},"loc":{"start":{"line":2,"column":0},"end":{"line":2,"column":43}},"line":2},"14":{"name":"resetTryEntry","decl":{"start":{"line":2,"column":0},"end":{"line":2,"column":43}},"loc":{"start":{"line":2,"column":0},"end":{"line":2,"column":43}},"line":2},"15":{"name":"Context","decl":{"start":{"line":2,"column":0},"end":{"line":2,"column":43}},"loc":{"start":{"line":2,"column":0},"end":{"line":2,"column":43}},"line":2},"16":{"name":"values","decl":{"start":{"line":2,"column":0},"end":{"line":2,"column":43}},"loc":{"start":{"line":2,"column":0},"end":{"line":2,"column":43}},"line":2},"17":{"name":"next","decl":{"start":{"line":2,"column":0},"end":{"line":2,"column":43}},"loc":{"start":{"line":2,"column":0},"end":{"line":2,"column":43}},"line":2},"18":{"name":"e.isGeneratorFunction","decl":{"start":{"line":2,"column":0},"end":{"line":2,"column":43}},"loc":{"start":{"line":2,"column":0},"end":{"line":2,"column":43}},"line":2},"19":{"name":"e.mark","decl":{"start":{"line":2,"column":0},"end":{"line":2,"column":43}},"loc":{"start":{"line":2,"column":0},"end":{"line":2,"column":43}},"line":2},"20":{"name":"e.awrap","decl":{"start":{"line":2,"column":0},"end":{"line":2,"column":43}},"loc":{"start":{"line":2,"column":0},"end":{"line":2,"column":43}},"line":2},"21":{"name":"e.async","decl":{"start":{"line":2,"column":0},"end":{"line":2,"column":43}},"loc":{"start":{"line":2,"column":0},"end":{"line":2,"column":43}},"line":2},"22":{"name":"e.keys","decl":{"start":{"line":2,"column":0},"end":{"line":2,"column":43}},"loc":{"start":{"line":2,"column":0},"end":{"line":2,"column":43}},"line":2},"23":{"name":"reset","decl":{"start":{"line":2,"column":0},"end":{"line":2,"column":43}},"loc":{"start":{"line":2,"column":0},"end":{"line":2,"column":43}},"line":2},"24":{"name":"stop","decl":{"start":{"line":2,"column":0},"end":{"line":2,"column":43}},"loc":{"start":{"line":2,"column":0},"end":{"line":2,"column":43}},"line":2},"25":{"name":"dispatchException","decl":{"start":{"line":2,"column":0},"end":{"line":2,"column":43}},"loc":{"start":{"line":2,"column":0},"end":{"line":2,"column":43}},"line":2},"26":{"name":"abrupt","decl":{"start":{"line":2,"column":0},"end":{"line":2,"column":43}},"loc":{"start":{"line":2,"column":0},"end":{"line":2,"column":43}},"line":2},"27":{"name":"complete","decl":{"start":{"line":2,"column":0},"end":{"line":2,"column":43}},"loc":{"start":{"line":2,"column":0},"end":{"line":2,"column":43}},"line":2},"28":{"name":"finish","decl":{"start":{"line":2,"column":0},"end":{"line":2,"column":43}},"loc":{"start":{"line":2,"column":0},"end":{"line":2,"column":43}},"line":2},"29":{"name":"_catch","decl":{"start":{"line":2,"column":0},"end":{"line":2,"column":43}},"loc":{"start":{"line":2,"column":0},"end":{"line":2,"column":43}},"line":2},"30":{"name":"delegateYield","decl":{"start":{"line":2,"column":0},"end":{"line":2,"column":43}},"loc":{"start":{"line":2,"column":0},"end":{"line":2,"column":43}},"line":2},"31":{"name":"asyncGeneratorStep","decl":{"start":{"line":2,"column":0},"end":{"line":2,"column":43}},"loc":{"start":{"line":2,"column":0},"end":{"line":2,"column":43}},"line":2},"32":{"name":"_asyncToGenerator","decl":{"start":{"line":2,"column":0},"end":{"line":2,"column":43}},"loc":{"start":{"line":2,"column":0},"end":{"line":2,"column":43}},"line":2},"33":{"name":"_classCallCheck","decl":{"start":{"line":2,"column":0},"end":{"line":2,"column":43}},"loc":{"start":{"line":2,"column":0},"end":{"line":2,"column":43}},"line":2},"34":{"name":"_defineProperties","decl":{"start":{"line":2,"column":0},"end":{"line":2,"column":43}},"loc":{"start":{"line":2,"column":0},"end":{"line":2,"column":43}},"line":2},"35":{"name":"_createClass","decl":{"start":{"line":2,"column":0},"end":{"line":2,"column":43}},"loc":{"start":{"line":2,"column":0},"end":{"line":2,"column":43}},"line":2},"36":{"name":"_toPropertyKey","decl":{"start":{"line":2,"column":0},"end":{"line":2,"column":43}},"loc":{"start":{"line":2,"column":0},"end":{"line":2,"column":43}},"line":2},"37":{"name":"_toPrimitive","decl":{"start":{"line":2,"column":0},"end":{"line":2,"column":43}},"loc":{"start":{"line":2,"column":0},"end":{"line":2,"column":43}},"line":2},"38":{"name":"CoreDataMapper","decl":{"start":{"line":9,"column":20},"end":{"line":9,"column":22}},"loc":{"start":{"line":9,"column":20},"end":{"line":9,"column":22}},"line":9},"39":{"name":"_callee","decl":{"start":{"line":16,"column":2},"end":{"line":24,"column":24}},"loc":{"start":{"line":16,"column":2},"end":{"line":24,"column":24}},"line":16},"40":{"name":"_callee2","decl":{"start":{"line":34,"column":2},"end":{"line":42,"column":27}},"loc":{"start":{"line":34,"column":2},"end":{"line":42,"column":27}},"line":34},"41":{"name":"_callee3","decl":{"start":{"line":52,"column":2},"end":{"line":62,"column":24}},"loc":{"start":{"line":52,"column":2},"end":{"line":62,"column":24}},"line":52},"42":{"name":"_callee4","decl":{"start":{"line":72,"column":2},"end":{"line":79,"column":27}},"loc":{"start":{"line":72,"column":2},"end":{"line":79,"column":27}},"line":72},"43":{"name":"_callee5","decl":{"start":{"line":89,"column":2},"end":{"line":96,"column":28}},"loc":{"start":{"line":89,"column":2},"end":{"line":96,"column":28}},"line":89}},"f":{"0":20,"1":0,"2":65,"3":0,"4":0,"5":0,"6":0,"7":0,"8":0,"9":10,"10":0,"11":0,"12":0,"13":0,"14":0,"15":0,"16":5,"17":0,"18":0,"19":25,"20":0,"21":0,"22":0,"23":0,"24":0,"25":0,"26":0,"27":0,"28":0,"29":0,"30":0,"31":0,"32":25,"33":5,"34":5,"35":5,"36":25,"37":25,"38":5,"39":0,"40":0,"41":0,"42":0,"43":0}}
,"/var/www/html/arancini/projet-05-pepine-back/app/models/categoryDataMapper.js": {"path":"/var/www/html/arancini/projet-05-pepine-back/app/models/categoryDataMapper.js","all":false,"statementMap":{"0":{"start":{"line":1,"column":0},"end":{"line":1,"column":26}},"1":{"start":{"line":2,"column":0},"end":{"line":2,"column":43}},"2":{"start":{"line":3,"column":0},"end":{"line":3,"column":49}},"3":{"start":{"line":4,"column":0},"end":{"line":4,"column":0}},"4":{"start":{"line":5,"column":0},"end":{"line":5,"column":50}},"5":{"start":{"line":6,"column":0},"end":{"line":6,"column":0}},"6":{"start":{"line":7,"column":0},"end":{"line":7,"column":32}},"7":{"start":{"line":8,"column":0},"end":{"line":8,"column":3}},"8":{"start":{"line":9,"column":0},"end":{"line":9,"column":53}},"9":{"start":{"line":10,"column":0},"end":{"line":10,"column":26}},"10":{"start":{"line":11,"column":0},"end":{"line":11,"column":3}},"11":{"start":{"line":12,"column":0},"end":{"line":12,"column":49}},"12":{"start":{"line":13,"column":0},"end":{"line":13,"column":32}},"13":{"start":{"line":14,"column":0},"end":{"line":14,"column":0}},"14":{"start":{"line":15,"column":0},"end":{"line":15,"column":43}},"15":{"start":{"line":16,"column":0},"end":{"line":16,"column":0}},"16":{"start":{"line":17,"column":0},"end":{"line":17,"column":43}},"17":{"start":{"line":18,"column":0},"end":{"line":18,"column":0}},"18":{"start":{"line":19,"column":0},"end":{"line":19,"column":5}},"19":{"start":{"line":20,"column":0},"end":{"line":20,"column":53}},"20":{"start":{"line":21,"column":0},"end":{"line":21,"column":4}},"21":{"start":{"line":22,"column":0},"end":{"line":22,"column":49}},"22":{"start":{"line":23,"column":0},"end":{"line":23,"column":42}},"23":{"start":{"line":24,"column":0},"end":{"line":24,"column":5}},"24":{"start":{"line":25,"column":0},"end":{"line":25,"column":39}},"25":{"start":{"line":26,"column":0},"end":{"line":26,"column":71}},"26":{"start":{"line":27,"column":0},"end":{"line":27,"column":27}},"27":{"start":{"line":28,"column":0},"end":{"line":28,"column":11}},"28":{"start":{"line":29,"column":0},"end":{"line":29,"column":9}},"29":{"start":{"line":30,"column":0},"end":{"line":30,"column":40}},"30":{"start":{"line":31,"column":0},"end":{"line":31,"column":67}},"31":{"start":{"line":32,"column":0},"end":{"line":32,"column":53}},"32":{"start":{"line":33,"column":0},"end":{"line":33,"column":21}},"33":{"start":{"line":34,"column":0},"end":{"line":34,"column":23}},"34":{"start":{"line":35,"column":0},"end":{"line":35,"column":10}},"35":{"start":{"line":36,"column":0},"end":{"line":36,"column":19}},"36":{"start":{"line":37,"column":0},"end":{"line":37,"column":6}},"37":{"start":{"line":38,"column":0},"end":{"line":38,"column":54}},"38":{"start":{"line":39,"column":0},"end":{"line":39,"column":24}},"39":{"start":{"line":40,"column":0},"end":{"line":40,"column":3}},"40":{"start":{"line":41,"column":0},"end":{"line":41,"column":0}},"41":{"start":{"line":42,"column":0},"end":{"line":42,"column":5}},"42":{"start":{"line":43,"column":0},"end":{"line":43,"column":35}},"43":{"start":{"line":44,"column":0},"end":{"line":44,"column":4}},"44":{"start":{"line":45,"column":0},"end":{"line":45,"column":29}},"45":{"start":{"line":46,"column":0},"end":{"line":46,"column":5}},"46":{"start":{"line":47,"column":0},"end":{"line":47,"column":17}},"47":{"start":{"line":48,"column":0},"end":{"line":48,"column":12}},"48":{"start":{"line":49,"column":0},"end":{"line":49,"column":42}},"49":{"start":{"line":50,"column":0},"end":{"line":50,"column":3}},"50":{"start":{"line":51,"column":0},"end":{"line":51,"column":1}},"51":{"start":{"line":52,"column":0},"end":{"line":52,"column":0}},"52":{"start":{"line":53,"column":0},"end":{"line":53,"column":40}}},"s":{"0":1,"1":0,"2":1,"3":1,"4":1,"5":1,"6":1,"7":1,"8":1,"9":1,"10":1,"11":1,"12":1,"13":1,"14":1,"15":1,"16":1,"17":1,"18":1,"19":1,"20":1,"21":1,"22":1,"23":1,"24":1,"25":1,"26":1,"27":1,"28":1,"29":1,"30":1,"31":1,"32":1,"33":1,"34":1,"35":1,"36":1,"37":1,"38":1,"39":1,"40":1,"41":1,"42":1,"43":1,"44":1,"45":1,"46":1,"47":1,"48":1,"49":1,"50":1,"51":1,"52":1},"branchMap":{"0":{"type":"branch","line":2,"loc":{"start":{"line":2,"column":0},"end":{"line":2,"column":43}},"locations":[{"start":{"line":2,"column":0},"end":{"line":2,"column":43}}]},"1":{"type":"branch","line":2,"loc":{"start":{"line":2,"column":0},"end":{"line":2,"column":43}},"locations":[{"start":{"line":2,"column":0},"end":{"line":2,"column":43}}]},"2":{"type":"branch","line":2,"loc":{"start":{"line":2,"column":0},"end":{"line":2,"column":43}},"locations":[{"start":{"line":2,"column":0},"end":{"line":2,"column":43}}]},"3":{"type":"branch","line":2,"loc":{"start":{"line":2,"column":0},"end":{"line":2,"column":43}},"locations":[{"start":{"line":2,"column":0},"end":{"line":2,"column":43}}]},"4":{"type":"branch","line":2,"loc":{"start":{"line":2,"column":0},"end":{"line":2,"column":43}},"locations":[{"start":{"line":2,"column":0},"end":{"line":2,"column":43}}]},"5":{"type":"branch","line":2,"loc":{"start":{"line":2,"column":0},"end":{"line":2,"column":43}},"locations":[{"start":{"line":2,"column":0},"end":{"line":2,"column":43}}]},"6":{"type":"branch","line":2,"loc":{"start":{"line":2,"column":0},"end":{"line":2,"column":43}},"locations":[{"start":{"line":2,"column":0},"end":{"line":2,"column":43}}]},"7":{"type":"branch","line":2,"loc":{"start":{"line":2,"column":0},"end":{"line":2,"column":43}},"locations":[{"start":{"line":2,"column":0},"end":{"line":2,"column":43}}]},"8":{"type":"branch","line":2,"loc":{"start":{"line":2,"column":0},"end":{"line":2,"column":43}},"locations":[{"start":{"line":2,"column":0},"end":{"line":2,"column":43}}]},"9":{"type":"branch","line":2,"loc":{"start":{"line":2,"column":0},"end":{"line":2,"column":43}},"locations":[{"start":{"line":2,"column":0},"end":{"line":2,"column":43}}]},"10":{"type":"branch","line":2,"loc":{"start":{"line":2,"column":0},"end":{"line":2,"column":43}},"locations":[{"start":{"line":2,"column":0},"end":{"line":2,"column":43}}]},"11":{"type":"branch","line":2,"loc":{"start":{"line":2,"column":0},"end":{"line":2,"column":43}},"locations":[{"start":{"line":2,"column":0},"end":{"line":2,"column":43}}]},"12":{"type":"branch","line":2,"loc":{"start":{"line":2,"column":0},"end":{"line":2,"column":43}},"locations":[{"start":{"line":2,"column":0},"end":{"line":2,"column":43}}]},"13":{"type":"branch","line":2,"loc":{"start":{"line":2,"column":0},"end":{"line":2,"column":43}},"locations":[{"start":{"line":2,"column":0},"end":{"line":2,"column":43}}]},"14":{"type":"branch","line":2,"loc":{"start":{"line":2,"column":0},"end":{"line":2,"column":43}},"locations":[{"start":{"line":2,"column":0},"end":{"line":2,"column":43}}]},"15":{"type":"branch","line":2,"loc":{"start":{"line":2,"column":0},"end":{"line":2,"column":43}},"locations":[{"start":{"line":2,"column":0},"end":{"line":2,"column":43}}]},"16":{"type":"branch","line":2,"loc":{"start":{"line":2,"column":0},"end":{"line":2,"column":43}},"locations":[{"start":{"line":2,"column":0},"end":{"line":2,"column":43}}]},"17":{"type":"branch","line":2,"loc":{"start":{"line":2,"column":0},"end":{"line":2,"column":43}},"locations":[{"start":{"line":2,"column":0},"end":{"line":2,"column":43}}]},"18":{"type":"branch","line":2,"loc":{"start":{"line":2,"column":0},"end":{"line":2,"column":43}},"locations":[{"start":{"line":2,"column":0},"end":{"line":2,"column":43}}]},"19":{"type":"branch","line":2,"loc":{"start":{"line":2,"column":0},"end":{"line":2,"column":43}},"locations":[{"start":{"line":2,"column":0},"end":{"line":2,"column":43}}]},"20":{"type":"branch","line":2,"loc":{"start":{"line":2,"column":0},"end":{"line":2,"column":43}},"locations":[{"start":{"line":2,"column":0},"end":{"line":2,"column":43}}]},"21":{"type":"branch","line":2,"loc":{"start":{"line":2,"column":0},"end":{"line":2,"column":43}},"locations":[{"start":{"line":2,"column":0},"end":{"line":2,"column":43}}]},"22":{"type":"branch","line":2,"loc":{"start":{"line":2,"column":0},"end":{"line":2,"column":43}},"locations":[{"start":{"line":2,"column":0},"end":{"line":2,"column":43}}]},"23":{"type":"branch","line":2,"loc":{"start":{"line":2,"column":0},"end":{"line":2,"column":43}},"locations":[{"start":{"line":2,"column":0},"end":{"line":2,"column":43}}]},"24":{"type":"branch","line":2,"loc":{"start":{"line":2,"column":0},"end":{"line":2,"column":43}},"locations":[{"start":{"line":2,"column":0},"end":{"line":2,"column":43}}]},"25":{"type":"branch","line":2,"loc":{"start":{"line":2,"column":0},"end":{"line":2,"column":43}},"locations":[{"start":{"line":2,"column":0},"end":{"line":2,"column":43}}]},"26":{"type":"branch","line":2,"loc":{"start":{"line":2,"column":0},"end":{"line":2,"column":43}},"locations":[{"start":{"line":2,"column":0},"end":{"line":2,"column":43}}]},"27":{"type":"branch","line":2,"loc":{"start":{"line":2,"column":0},"end":{"line":2,"column":43}},"locations":[{"start":{"line":2,"column":0},"end":{"line":2,"column":43}}]},"28":{"type":"branch","line":2,"loc":{"start":{"line":2,"column":0},"end":{"line":2,"column":43}},"locations":[{"start":{"line":2,"column":0},"end":{"line":2,"column":43}}]},"29":{"type":"branch","line":2,"loc":{"start":{"line":2,"column":0},"end":{"line":2,"column":43}},"locations":[{"start":{"line":2,"column":0},"end":{"line":2,"column":43}}]},"30":{"type":"branch","line":2,"loc":{"start":{"line":2,"column":0},"end":{"line":2,"column":43}},"locations":[{"start":{"line":2,"column":0},"end":{"line":2,"column":43}}]},"31":{"type":"branch","line":2,"loc":{"start":{"line":2,"column":0},"end":{"line":2,"column":43}},"locations":[{"start":{"line":2,"column":0},"end":{"line":2,"column":43}}]},"32":{"type":"branch","line":2,"loc":{"start":{"line":2,"column":0},"end":{"line":2,"column":43}},"locations":[{"start":{"line":2,"column":0},"end":{"line":2,"column":43}}]},"33":{"type":"branch","line":2,"loc":{"start":{"line":2,"column":0},"end":{"line":2,"column":43}},"locations":[{"start":{"line":2,"column":0},"end":{"line":2,"column":43}}]},"34":{"type":"branch","line":2,"loc":{"start":{"line":2,"column":0},"end":{"line":2,"column":43}},"locations":[{"start":{"line":2,"column":0},"end":{"line":2,"column":43}}]},"35":{"type":"branch","line":2,"loc":{"start":{"line":2,"column":0},"end":{"line":2,"column":43}},"locations":[{"start":{"line":2,"column":0},"end":{"line":2,"column":43}}]},"36":{"type":"branch","line":2,"loc":{"start":{"line":2,"column":0},"end":{"line":2,"column":43}},"locations":[{"start":{"line":2,"column":0},"end":{"line":2,"column":43}}]},"37":{"type":"branch","line":12,"loc":{"start":{"line":12,"column":24},"end":{"line":40,"column":3}},"locations":[{"start":{"line":12,"column":24},"end":{"line":40,"column":3}}]},"38":{"type":"branch","line":47,"loc":{"start":{"line":47,"column":2},"end":{"line":50,"column":3}},"locations":[{"start":{"line":47,"column":2},"end":{"line":50,"column":3}}]},"39":{"type":"branch","line":19,"loc":{"start":{"line":19,"column":2},"end":{"line":40,"column":3}},"locations":[{"start":{"line":19,"column":2},"end":{"line":40,"column":3}}]},"40":{"type":"branch","line":25,"loc":{"start":{"line":25,"column":2},"end":{"line":39,"column":24}},"locations":[{"start":{"line":25,"column":2},"end":{"line":39,"column":24}}]},"41":{"type":"branch","line":25,"loc":{"start":{"line":25,"column":36},"end":{"line":39,"column":24}},"locations":[{"start":{"line":25,"column":36},"end":{"line":39,"column":24}}]},"42":{"type":"branch","line":25,"loc":{"start":{"line":25,"column":36},"end":{"line":38,"column":54}},"locations":[{"start":{"line":25,"column":36},"end":{"line":38,"column":54}}]},"43":{"type":"branch","line":38,"loc":{"start":{"line":38,"column":53},"end":{"line":39,"column":24}},"locations":[{"start":{"line":38,"column":53}
[...]
2,"column":0},"end":{"line":2,"column":28}}]},"8":{"type":"branch","line":2,"loc":{"start":{"line":2,"column":0},"end":{"line":2,"column":28}},"locations":[{"start":{"line":2,"column":0},"end":{"line":2,"column":28}}]},"9":{"type":"branch","line":2,"loc":{"start":{"line":2,"column":0},"end":{"line":2,"column":28}},"locations":[{"start":{"line":2,"column":0},"end":{"line":2,"column":28}}]},"10":{"type":"branch","line":2,"loc":{"start":{"line":2,"column":0},"end":{"line":2,"column":28}},"locations":[{"start":{"line":2,"column":0},"end":{"line":2,"column":28}}]},"11":{"type":"branch","line":2,"loc":{"start":{"line":2,"column":0},"end":{"line":2,"column":28}},"locations":[{"start":{"line":2,"column":0},"end":{"line":2,"column":28}}]},"12":{"type":"branch","line":2,"loc":{"start":{"line":2,"column":0},"end":{"line":2,"column":28}},"locations":[{"start":{"line":2,"column":0},"end":{"line":2,"column":28}}]},"13":{"type":"branch","line":2,"loc":{"start":{"line":2,"column":0},"end":{"line":2,"column":28}},"locations":[{"start":{"line":2,"column":0},"end":{"line":2,"column":28}}]},"14":{"type":"branch","line":2,"loc":{"start":{"line":2,"column":0},"end":{"line":2,"column":28}},"locations":[{"start":{"line":2,"column":0},"end":{"line":2,"column":28}}]},"15":{"type":"branch","line":2,"loc":{"start":{"line":2,"column":0},"end":{"line":2,"column":28}},"locations":[{"start":{"line":2,"column":0},"end":{"line":2,"column":28}}]},"16":{"type":"branch","line":2,"loc":{"start":{"line":2,"column":0},"end":{"line":2,"column":28}},"locations":[{"start":{"line":2,"column":0},"end":{"line":2,"column":28}}]},"17":{"type":"branch","line":2,"loc":{"start":{"line":2,"column":0},"end":{"line":2,"column":28}},"locations":[{"start":{"line":2,"column":0},"end":{"line":2,"column":28}}]},"18":{"type":"branch","line":2,"loc":{"start":{"line":2,"column":0},"end":{"line":2,"column":28}},"locations":[{"start":{"line":2,"column":0},"end":{"line":2,"column":28}}]},"19":{"type":"branch","line":2,"loc":{"start":{"line":2,"column":0},"end":{"line":2,"column":28}},"locations":[{"start":{"line":2,"column":0},"end":{"line":2,"column":28}}]},"20":{"type":"branch","line":2,"loc":{"start":{"line":2,"column":0},"end":{"line":2,"column":28}},"locations":[{"start":{"line":2,"column":0},"end":{"line":2,"column":28}}]},"21":{"type":"branch","line":2,"loc":{"start":{"line":2,"column":0},"end":{"line":2,"column":28}},"locations":[{"start":{"line":2,"column":0},"end":{"line":2,"column":28}}]},"22":{"type":"branch","line":2,"loc":{"start":{"line":2,"column":0},"end":{"line":2,"column":28}},"locations":[{"start":{"line":2,"column":0},"end":{"line":2,"column":28}}]},"23":{"type":"branch","line":2,"loc":{"start":{"line":2,"column":0},"end":{"line":2,"column":28}},"locations":[{"start":{"line":2,"column":0},"end":{"line":2,"column":28}}]},"24":{"type":"branch","line":2,"loc":{"start":{"line":2,"column":0},"end":{"line":2,"column":28}},"locations":[{"start":{"line":2,"column":0},"end":{"line":2,"column":28}}]},"25":{"type":"branch","line":2,"loc":{"start":{"line":2,"column":0},"end":{"line":2,"column":28}},"locations":[{"start":{"line":2,"column":0},"end":{"line":2,"column":28}}]},"26":{"type":"branch","line":2,"loc":{"start":{"line":2,"column":0},"end":{"line":2,"column":28}},"locations":[{"start":{"line":2,"column":0},"end":{"line":2,"column":28}}]},"27":{"type":"branch","line":2,"loc":{"start":{"line":2,"column":0},"end":{"line":2,"column":28}},"locations":[{"start":{"line":2,"column":0},"end":{"line":2,"column":28}}]},"28":{"type":"branch","line":2,"loc":{"start":{"line":2,"column":0},"end":{"line":2,"column":28}},"locations":[{"start":{"line":2,"column":0},"end":{"line":2,"column":28}}]},"29":{"type":"branch","line":2,"loc":{"start":{"line":2,"column":0},"end":{"line":2,"column":28}},"locations":[{"start":{"line":2,"column":0},"end":{"line":2,"column":28}}]},"30":{"type":"branch","line":2,"loc":{"start":{"line":2,"column":0},"end":{"line":2,"column":28}},"locations":[{"start":{"line":2,"column":0},"end":{"line":2,"column":28}}]},"31":{"type":"branch","line":2,"loc":{"start":{"line":2,"column":0},"end":{"line":2,"column":28}},"locations":[{"start":{"line":2,"column":0},"end":{"line":2,"column":28}}]},"32":{"type":"branch","line":2,"loc":{"start":{"line":2,"column":0},"end":{"line":2,"column":28}},"locations":[{"start":{"line":2,"column":0},"end":{"line":2,"column":28}}]},"33":{"type":"branch","line":2,"loc":{"start":{"line":2,"column":0},"end":{"line":2,"column":28}},"locations":[{"start":{"line":2,"column":0},"end":{"line":2,"column":28}}]},"34":{"type":"branch","line":2,"loc":{"start":{"line":2,"column":0},"end":{"line":2,"column":28}},"locations":[{"start":{"line":2,"column":0},"end":{"line":2,"column":28}}]},"35":{"type":"branch","line":2,"loc":{"start":{"line":2,"column":0},"end":{"line":2,"column":28}},"locations":[{"start":{"line":2,"column":0},"end":{"line":2,"column":28}}]},"36":{"type":"branch","line":2,"loc":{"start":{"line":2,"column":0},"end":{"line":2,"column":28}},"locations":[{"start":{"line":2,"column":0},"end":{"line":2,"column":28}}]},"37":{"type":"branch","line":2,"loc":{"start":{"line":2,"column":0},"end":{"line":2,"column":28}},"locations":[{"start":{"line":2,"column":0},"end":{"line":2,"column":28}}]},"38":{"type":"branch","line":2,"loc":{"start":{"line":2,"column":0},"end":{"line":2,"column":28}},"locations":[{"start":{"line":2,"column":0},"end":{"line":2,"column":28}}]},"39":{"type":"branch","line":2,"loc":{"start":{"line":2,"column":0},"end":{"line":2,"column":28}},"locations":[{"start":{"line":2,"column":0},"end":{"line":2,"column":28}}]},"40":{"type":"branch","line":13,"loc":{"start":{"line":13,"column":20},"end":{"line":92,"column":3}},"locations":[{"start":{"line":13,"column":20},"end":{"line":92,"column":3}}]},"41":{"type":"branch","line":97,"loc":{"start":{"line":97,"column":2},"end":{"line":100,"column":3}},"locations":[{"start":{"line":97,"column":2},"end":{"line":100,"column":3}}]},"42":{"type":"branch","line":24,"loc":{"start":{"line":24,"column":2},"end":{"line":39,"column":3}},"locations":[{"start":{"line":24,"column":2},"end":{"line":39,"column":3}}]},"43":{"type":"branch","line":30,"loc":{"start":{"line":30,"column":2},"end":{"line":38,"column":24}},"locations":[{"start":{"line":30,"column":2},"end":{"line":38,"column":24}}]},"44":{"type":"branch","line":30,"loc":{"start":{"line":30,"column":34},"end":{"line":38,"column":24}},"locations":[{"start":{"line":30,"column":34},"end":{"line":38,"column":24}}]},"45":{"type":"branch","line":30,"loc":{"start":{"line":30,"column":34},"end":{"line":37,"column":54}},"locations":[{"start":{"line":30,"column":34},"end":{"line":37,"column":54}}]},"46":{"type":"branch","line":37,"loc":{"start":{"line":37,"column":53},"end":{"line":38,"column":24}},"locations":[{"start":{"line":37,"column":53},"end":{"line":38,"column":24}}]},"47":{"type":"branch","line":38,"loc":{"start":{"line":38,"column":23},"end":{"line":38,"column":24}},"locations":[{"start":{"line":38,"column":23},"end":{"line":38,"column":24}}]},"48":{"type":"branch","line":38,"loc":{"start":{"line":38,"column":23},"end":{"line":38,"column":24}},"locations":[{"start":{"line":38,"column":23},"end":{"line":38,"column":24}}]},"49":{"type":"branch","line":41,"loc":{"start":{"line":41,"column":2},"end":{"line":70,"column":3}},"locations":[{"start":{"line":41,"column":2},"end":{"line":70,"column":3}}]},"50":{"type":"branch","line":51,"loc":{"start":{"line":51,"column":2},"end":{"line":69,"column":16}},"locations":[{"start":{"line":51,"column":2},"end":{"line":69,"column":16}}]},"51":{"type":"branch","line":51,"loc":{"start":{"line":51,"column":27},"end":{"line":69,"column":16}},"locations":[{"start":{"line":51,"column":27},"end":{"line":69,"column":16}}]},"52":{"type":"branch","line":51,"loc":{"start":{"line":51,"column":27},"end":{"line":54,"column":68}},"locations":[{"start":{"line":51,"column":27},"end":{"line":54,"column":68}}]},"53":{"type":"branch","line":54,"loc":{"start":{"line":54,"column":67},"end":{"line":65,"column":47}},"locations":[{"start":{"line":54,"column":67},"end":{"line":65,"column":47}}]},"54":{"type":"branch","line":65,"loc":{"start":{"line":65,"column":46},"end":{"line":69,"column":16}},"locations":[{"start":{"line":65,"column":46},"end":{"line":69,"column":16}}]},"55":{"type":"branch","line":69,"loc":{"start":{"line":69,"column":15},"end":{"line":69,"column":16}},"locations":[{"start":{"line":69,"column":15},"end":{"line":69,"column":16}}]},"56":{"type":"branch","line":69,"loc":{"start":{"line":69,"column":15},"end":{"line":69,"column":16}},"locations":[{"start":{"line":69,"column":15},"end":{"line":69,"column":16}}]},"57":{"type":"branch","line":72,"loc":{"start":{"line":72,"column":2},"end":{"line":92,"column":3}},"locations":[{"start":{"line":72,"column":2},"end":{"line":92,"column":3}}]},"58":{"type":"branch","line":79,"loc":{"start":{"line":79,"column":2},"end":{"line":91,"column":16}},"locations":[{"start":{"line":79,"column":2},"end":{"line":91,"column":16}}]},"59":{"type":"branch","line":79,"loc":{"start":{"line":79,"column":29},"end":{"line":91,"column":16}},"locations":[{"start":{"line":79,"column":29},"end":{"line":91,"column":16}}]},"60":{"type":"branch","line":79,"loc":{"start":{"line":79,"column":29},"end":{"line":87,"column":47}},"locations":[{"start":{"line":79,"column":29},"end":{"line":87,"column":47}}]},"61":{"type":"branch","line":87,"loc":{"start":{"line":87,"column":46},"end":{"line":91,"column":16}},"locations":[{"start":{"line":87,"column":46},"end":{"line":91,"column":16}}]},"62":{"type":"branch","line":91,"loc":{"start":{"line":91,"column":15},"end":{"line":91,"column":16}},"locations":[{"start":{"line":91,"column":15},"end":{"line":91,"column":16}}]},"63":{"type":"branch","line":91,"loc":{"start":{"line":91,"column":15},"end":{"line":91,"column":16}},"locations":[{"start":{"line":91,"column":15},"end":{"line":91,"column":16}}]}},"b":{"0":[9],"1":[1],"2":[8],"3":[3],"4":[5],"5":[3],"6":[4],"7":[4],"8":[9],"9":[1],"10":[0],"11":[1],"12":[3],"13":[1],"14":[0],"15":[1],"16":[0],"17":[0],"18":[1],"19":[0],"20":[1],"21":[1],"22":[0],"23":[1],"24":[0],"25":[0],"26":[1],"27":[0],"28":[0],"29":[0],"30":[1],"31":[0],"32":[8],"33":[0],"34":[11],"35":[0],"36":[11],"37":[0],"38":[0],"39":[0],"40":[1],"41":[1],"42":[1],"43":[1],"44":[3],"45":[1],"46":[1],"47":[0],"48":[1],"49":[1],"50":[1],"51":[4],"52":[1],"53":[1],"54":[1],"55":[0],"56":[1],"57":[1],"58":[2],"59":[6],"60":[2],"61":[2],"62":[0],"63":[2]},"fnMap":{"0":{"name":"asyncGeneratorStep","decl":{"start":{"line":2,"column":0},"end":{"line":2,"column":28}},"loc":{"start":{"line":2,"column":0},"end":{"line":2,"column":28}},"line":2},"1":{"name":"_asyncToGenerator","decl":{"start":{"line":2,"column":0},"end":{"line":2,"column":28}},"loc":{"start":{"line":2,"column":0},"end":{"line":2,"column":28}},"line":2},"2":{"name":"_next","decl":{"start":{"line":2,"column":0},"end":{"line":2,"column":28}},"loc":{"start":{"line":2,"column":0},"end":{"line":2,"column":28}},"line":2},"3":{"name":"_throw","decl":{"start":{"line":2,"column":0},"end":{"line":2,"column":28}},"loc":{"start":{"line":2,"column":0},"end":{"line":2,"column":28}},"line":2},"4":{"name":"_classCallCheck","decl":{"start":{"line":2,"column":0},"end":{"line":2,"column":28}},"loc":{"start":{"line":2,"column":0},"end":{"line":2,"column":28}},"line":2},"5":{"name":"_defineProperties","decl":{"start":{"line":2,"column":0},"end":{"line":2,"column":28}},"loc":{"start":{"line":2,"column":0},"end":{"line":2,"column":28}},"line":2},"6":{"name":"_createClass","decl":{"start":{"line":2,"column":0},"end":{"line":2,"column":28}},"loc":{"start":{"line":2,"column":0},"end":{"line":2,"column":28}},"line":2},"7":{"name":"_inherits","decl":{"start":{"line":2,"column":0},"end":{"line":2,"column":28}},"loc":{"start":{"line":2,"column":0},"end":{"line":2,"column":28}},"line":2},"8":{"name":"_setPrototypeOf","decl":{"start":{"line":2,"column":0},"end":{"line":2,"column":28}},"loc":{"start":{"line":2,"column":0},"end":{"line":2,"column":28}},"line":2},"9":{"name":"_setPrototypeOf","decl":{"start":{"line":2,"column":0},"end":{"line":2,"column":28}},"loc":{"start":{"line":2,"column":0},"end":{"line":2,"column":28}},"line":2},"10":{"name":"_createSuper","decl":{"start":{"line":2,"column":0},"end":{"line":2,"column":28}},"loc":{"start":{"line":2,"column":0},"end":{"line":2,"column":28}},"line":2},"11":{"name":"_createSuperInternal","decl":{"start":{"line":2,"column":0},"end":{"line":2,"column":28}},"loc":{"start":{"line":2,"column":0},"end":{"line":2,"column":28}},"line":2},"12":{"name":"_possibleConstructorReturn","decl":{"start":{"line":2,"column":0},"end":{"line":2,"column":28}},"loc":{"start":{"line":2,"column":0},"end":{"line":2,"column":28}},"line":2},"13":{"name":"_assertThisInitialized","decl":{"start":{"line":2,"column":0},"end":{"line":2,"column":28}},"loc":{"start":{"line":2,"column":0},"end":{"line":2,"column":28}},"line":2},"14":{"name":"_isNativeReflectConstruct","decl":{"start":{"line":2,"column":0},"end":{"line":2,"column":28}},"loc":{"start":{"line":2,"column":0},"end":{"line":2,"column":28}},"line":2},"15":{"name":"_getPrototypeOf","decl":{"start":{"line":2,"column":0},"end":{"line":2,"column":28}},"loc":{"start":{"line":2,"column":0},"end":{"line":2,"column":28}},"line":2},"16":{"name":"_getPrototypeOf","decl":{"start":{"line":2,"column":0},"end":{"line":2,"column":28}},"loc":{"start":{"line":2,"column":0},"end":{"line":2,"column":28}},"line":2},"17":{"name":"_defineProperty","decl":{"start":{"line":2,"column":0},"end":{"line":2,"column":28}},"loc":{"start":{"line":2,"column":0},"end":{"line":2,"column":28}},"line":2},"18":{"name":"_toPropertyKey","decl":{"start":{"line":2,"column":0},"end":{"line":2,"column":28}},"loc":{"start":{"line":2,"column":0},"end":{"line":2,"column":28}},"line":2},"19":{"name":"_toPrimitive","decl":{"start":{"line":2,"column":0},"end":{"line":2,"column":28}},"loc":{"start":{"line":2,"column":0},"end":{"line":2,"column":28}},"line":2},"20":{"name":"UserDataMapper","decl":{"start":{"line":97,"column":2},"end":{"line":100,"column":3}},"loc":{"start":{"line":97,"column":2},"end":{"line":100,"column":3}},"line":97},"21":{"name":"_callee","decl":{"start":{"line":30,"column":2},"end":{"line":38,"column":24}},"loc":{"start":{"line":30,"column":2},"end":{"line":38,"column":24}},"line":30},"22":{"name":"_callee$","decl":{"start":{"line":30,"column":34},"end":{"line":38,"column":24}},"loc":{"start":{"line":30,"column":34},"end":{"line":38,"column":24}},"line":30},"23":{"name":"_callee2","decl":{"start":{"line":51,"column":2},"end":{"line":69,"column":16}},"loc":{"start":{"line":51,"column":2},"end":{"line":69,"column":16}},"line":51},"24":{"name":"_callee2$","decl":{"start":{"line":51,"column":27},"end":{"line":69,"column":16}},"loc":{"start":{"line":51,"column":27},"end":{"line":69,"column":16}},"line":51},"25":{"name":"_callee3","decl":{"start":{"line":79,"column":2},"end":{"line":91,"column":16}},"loc":{"start":{"line":79,"column":2},"end":{"line":91,"column":16}},"line":79},"26":{"name":"_callee3$","decl":{"start":{"line":79,"column":29},"end":{"line":91,"column":16}},"loc":{"start":{"line":79,"column":29},"end":{"line":91,"column":16}},"line":79}},"f":{"0":9,"1":3,"2":9,"3":0,"4":1,"5":1,"6":1,"7":1,"8":1,"9":0,"10":1,"11":1,"12":1,"13":0,"14":1,"15":1,"16":0,"17":8,"18":11,"19":11,"20":1,"21":1,"22":3,"23":1,"24":4,"25":2,"26":6}}
,"/var/www/html/arancini/projet-05-pepine-back/app/models/helpers/database.js": {"path":"/var/www/html/arancini/projet-05-pepine-back/app/models/helpers/database.js","all":false,"statementMap":{"0":{"start":{"line":1,"column":0},"end":{"line":1,"column":22}},"1":{"start":{"line":2,"column":0},"end":{"line":2,"column":26}},"2":{"start":{"line":3,"column":0},"end":{"line":3,"column":21}},"3":{"start":{"line":4,"column":0},"end":{"line":4,"column":0}},"4":{"start":{"line":5,"column":0},"end":{"line":5,"column":39}},"5":{"start":{"line":6,"column":0},"end":{"line":6,"column":0}},"6":{"start":{"line":7,"column":0},"end":{"line":7,"column":21}},"7":{"start":{"line":8,"column":0},"end":{"line":8,"column":24}},"8":{"start":{"line":9,"column":0},"end":{"line":9,"column":54}},"9":{"start":{"line":10,"column":0},"end":{"line":10,"column":27}},"10":{"start":{"line":11,"column":0},"end":{"line":11,"column":37}},"11":{"start":{"line":12,"column":0},"end":{"line":12,"column":3}},"12":{"start":{"line":13,"column":0},"end":{"line":13,"column":0}},"13":{"start":{"line":14,"column":0},"end":{"line":14,"column":62}},"14":{"start":{"line":15,"column":0},"end":{"line":15,"column":60}},"15":{"start":{"line":16,"column":0},"end":{"line":16,"column":55}},"16":{"start":{"line":17,"column":0},"end":{"line":17,"column":3}},"17":{"start":{"line":18,"column":0},"end":{"line":18,"column":93}},"18":{"start":{"line":19,"column":0},"end":{"line":19,"column":19}},"19":{"start":{"line":20,"column":0},"end":{"line":20,"column":3}},"20":{"start":{"line":21,"column":0},"end":{"line":21,"column":0}},"21":{"start":{"line":22,"column":0},"end":{"line":22,"column":16}},"22":{"start":{"line":23,"column":0},"end":{"line":23,"column":23}},"23":{"start":{"line":24,"column":0},"end":{"line":24,"column":5}},"24":{"start":{"line":25,"column":0},"end":{"line":25,"column":52}},"25":{"start":{"line":26,"column":0},"end":{"line":26,"column":11}},"26":{"start":{"line":27,"column":0},"end":{"line":27,"column":20}},"27":{"start":{"line":28,"column":0},"end":{"line":28,"column":69}},"28":{"start":{"line":29,"column":0},"end":{"line":29,"column":77}},"29":{"start":{"line":30,"column":0},"end":{"line":30,"column":5}},"30":{"start":{"line":31,"column":0},"end":{"line":31,"column":26}},"31":{"start":{"line":32,"column":0},"end":{"line":32,"column":95}},"32":{"start":{"line":33,"column":0},"end":{"line":33,"column":114}},"33":{"start":{"line":34,"column":0},"end":{"line":34,"column":48}},"34":{"start":{"line":35,"column":0},"end":{"line":35,"column":4}},"35":{"start":{"line":36,"column":0},"end":{"line":36,"column":2}}},"s":{"0":1,"1":0,"2":1,"3":1,"4":1,"5":1,"6":1,"7":1,"8":1,"9":1,"10":0,"11":1,"12":1,"13":1,"14":1,"15":1,"16":1,"17":1,"18":1,"19":1,"20":1,"21":1,"22":1,"23":1,"24":1,"25":1,"26":1,"27":1,"28":1,"29":1,"30":1,"31":0,"32":0,"33":0,"34":0,"35":1},"branchMap":{},"b":{},"fnMap":{"0":{"name":"_toConsumableArray","decl":{"start":{"line":2,"column":0},"end":{"line":2,"column":26}},"loc":{"start":{"line":2,"column":0},"end":{"line":2,"column":26}},"line":2},"1":{"name":"_nonIterableSpread","decl":{"start":{"line":2,"column":0},"end":{"line":2,"column":26}},"loc":{"start":{"line":2,"column":0},"end":{"line":2,"column":26}},"line":2},"2":{"name":"_unsupportedIterableToArray","decl":{"start":{"line":2,"column":0},"end":{"line":2,"column":26}},"loc":{"start":{"line":2,"column":0},"end":{"line":2,"column":26}},"line":2},"3":{"name":"_iterableToArray","decl":{"start":{"line":2,"column":0},"end":{"line":2,"column":26}},"loc":{"start":{"line":2,"column":0},"end":{"line":2,"column":26}},"line":2},"4":{"name":"_arrayWithoutHoles","decl":{"start":{"line":2,"column":0},"end":{"line":2,"column":26}},"loc":{"start":{"line":2,"column":0},"end":{"line":2,"column":26}},"line":2},"5":{"name":"_arrayLikeToArray","decl":{"start":{"line":2,"column":0},"end":{"line":2,"column":26}},"loc":{"start":{"line":2,"column":0},"end":{"line":2,"column":26}},"line":2},"6":{"name":"asyncGeneratorStep","decl":{"start":{"line":2,"column":0},"end":{"line":2,"column":26}},"loc":{"start":{"line":2,"column":0},"end":{"line":2,"column":26}},"line":2},"7":{"name":"_asyncToGenerator","decl":{"start":{"line":2,"column":0},"end":{"line":2,"column":26}},"loc":{"start":{"line":2,"column":0},"end":{"line":2,"column":26}},"line":2},"8":{"name":"query","decl":{"start":{"line":31,"column":13},"end":{"line":35,"column":4}},"loc":{"start":{"line":31,"column":13},"end":{"line":35,"column":4}},"line":31}},"f":{"0":0,"1":0,"2":0,"3":0,"4":0,"5":0,"6":0,"7":0,"8":0}}
}
