TN:
SF:app/controllers/api/CoreController.js
FN:2,asyncGeneratorStep
FN:2,_asyncToGenerator
FN:2,_next
FN:2,_throw
FN:2,_defineProperties
FN:2,_createClass
FN:2,_classCallCheck
FN:2,_defineProperty
FN:2,_toPropertyKey
FN:2,_toPrimitive
FN:14,CoreController
FN:22,_callee
FN:22,_callee$
FN:44,_callee2
FN:44,_callee2$
FN:71,_callee3
FN:71,_callee3$
FN:97,_callee4
FN:97,_callee4$
FN:134,_callee5
FN:134,_callee5$
FNF:21
FNH:19
FNDA:27,asyncGeneratorStep
FNDA:65,_asyncToGenerator
FNDA:27,_next
FNDA:0,_throw
FNDA:0,_defineProperties
FNDA:1,_createClass
FNDA:13,_classCallCheck
FNDA:65,_defineProperty
FNDA:65,_toPropertyKey
FNDA:65,_toPrimitive
FNDA:13,CoreController
FNDA:2,_callee
FNDA:5,_callee$
FNDA:3,_callee2
FNDA:8,_callee2$
FNDA:3,_callee3
FNDA:8,_callee3$
FNDA:4,_callee4
FNDA:11,_callee4$
FNDA:2,_callee5
FNDA:5,_callee5$
DA:1,1
DA:2,0
DA:3,1
DA:4,1
DA:5,1
DA:6,1
DA:7,1
DA:8,1
DA:9,1
DA:10,1
DA:11,1
DA:12,1
DA:13,1
DA:14,1
DA:15,13
DA:16,13
DA:17,13
DA:18,13
DA:19,13
DA:20,13
DA:21,13
DA:22,13
DA:23,2
DA:24,2
DA:25,2
DA:26,2
DA:27,1
DA:28,1
DA:29,1
DA:30,1
DA:31,1
DA:32,1
DA:33,1
DA:34,1
DA:35,13
DA:36,13
DA:37,13
DA:38,13
DA:39,13
DA:40,13
DA:41,13
DA:42,13
DA:43,13
DA:44,13
DA:45,3
DA:46,3
DA:47,3
DA:48,3
DA:49,3
DA:50,1
DA:51,2
DA:52,2
DA:53,2
DA:54,2
DA:55,2
DA:56,2
DA:57,1
DA:58,1
DA:59,1
DA:60,1
DA:61,1
DA:62,13
DA:63,13
DA:64,13
DA:65,13
DA:66,13
DA:67,13
DA:68,13
DA:69,13
DA:70,13
DA:71,13
DA:72,3
DA:73,3
DA:74,3
DA:75,3
DA:76,3
DA:77,1
DA:78,2
DA:79,2
DA:80,2
DA:81,2
DA:82,1
DA:83,1
DA:84,1
DA:85,1
DA:86,1
DA:87,1
DA:88,13
DA:89,13
DA:90,13
DA:91,13
DA:92,13
DA:93,13
DA:94,13
DA:95,13
DA:96,13
DA:97,13
DA:98,4
DA:99,4
DA:100,4
DA:101,4
DA:102,4
DA:103,0
DA:104,4
DA:105,4
DA:106,4
DA:107,4
DA:108,0
DA:109,4
DA:110,4
DA:111,4
DA:112,4
DA:113,4
DA:114,4
DA:115,2
DA:116,2
DA:117,2
DA:118,2
DA:119,2
DA:120,1
DA:121,1
DA:122,1
DA:123,1
DA:124,1
DA:125,13
DA:126,13
DA:127,13
DA:128,13
DA:129,13
DA:130,13
DA:131,13
DA:132,13
DA:133,13
DA:134,13
DA:135,2
DA:136,2
DA:137,2
DA:138,2
DA:139,2
DA:140,0
DA:141,2
DA:142,2
DA:143,2
DA:144,2
DA:145,0
DA:146,2
DA:147,2
DA:148,2
DA:149,2
DA:150,0
DA:151,2
DA:152,2
DA:153,2
DA:154,2
DA:155,2
DA:156,2
DA:157,1
DA:158,1
DA:159,1
DA:160,1
DA:161,1
DA:162,0
DA:163,1
DA:164,1
DA:165,13
DA:166,1
DA:167,1
DA:168,1
LF:168
LH:161
BRDA:2,0,0,27
BRDA:2,1,0,9
BRDA:2,2,0,18
BRDA:2,3,0,5
BRDA:2,4,0,13
BRDA:2,5,0,65
BRDA:2,6,0,14
BRDA:2,7,0,14
BRDA:2,8,0,27
BRDA:2,9,0,1
BRDA:2,10,0,0
BRDA:2,11,0,0
BRDA:2,12,0,13
BRDA:2,13,0,0
BRDA:2,14,0,65
BRDA:2,15,0,0
BRDA:2,16,0,65
BRDA:2,17,0,0
BRDA:2,18,0,65
BRDA:2,19,0,0
BRDA:2,20,0,0
BRDA:2,21,0,0
BRDA:14,22,0,13
BRDA:15,23,0,13
BRDA:22,24,0,2
BRDA:22,25,0,5
BRDA:22,26,0,6
BRDA:22,27,0,2
BRDA:24,28,0,2
BRDA:26,29,0,1
BRDA:27,30,0,1
BRDA:35,31,0,2
BRDA:37,32,0,13
BRDA:44,33,0,3
BRDA:44,34,0,8
BRDA:44,35,0,11
BRDA:44,36,0,3
BRDA:49,37,0,2
BRDA:49,38,0,1
BRDA:50,39,0,2
BRDA:53,40,0,2
BRDA:56,41,0,1
BRDA:57,42,0,1
BRDA:61,43,0,0
BRDA:61,44,0,3
BRDA:62,45,0,3
BRDA:64,46,0,13
BRDA:71,47,0,3
BRDA:71,48,0,8
BRDA:71,49,0,11
BRDA:71,50,0,3
BRDA:73,51,0,3
BRDA:76,52,0,2
BRDA:76,53,0,1
BRDA:77,54,0,2
BRDA:81,55,0,1
BRDA:82,56,0,1
BRDA:88,57,0,3
BRDA:90,58,0,13
BRDA:97,59,0,4
BRDA:97,60,0,11
BRDA:97,61,0,22
BRDA:97,62,0,4
BRDA:102,63,0,0
BRDA:102,64,0,0
BRDA:103,65,0,4
BRDA:107,66,0,0
BRDA:107,67,0,0
BRDA:108,68,0,4
BRDA:111,69,0,4
BRDA:114,70,0,3
BRDA:114,71,0,2
BRDA:115,72,0,2
BRDA:119,73,0,1
BRDA:120,74,0,1
BRDA:125,75,0,4
BRDA:127,76,0,13
BRDA:134,77,0,2
BRDA:134,78,0,5
BRDA:134,79,0,13
BRDA:134,80,0,2
BRDA:139,81,0,0
BRDA:139,82,0,0
BRDA:139,83,0,0
BRDA:140,84,0,2
BRDA:144,85,0,0
BRDA:144,86,0,0
BRDA:145,87,0,2
BRDA:149,88,0,0
BRDA:150,89,0,2
BRDA:153,90,0,2
BRDA:156,91,0,1
BRDA:157,92,0,1
BRDA:161,93,0,0
BRDA:162,94,0,1
BRDA:165,95,0,2
BRF:96
BRH:76
end_of_record
TN:
SF:app/errors/BadInputError.js
FN:10,BadInputError
FNF:1
FNH:1
FNDA:1,BadInputError
DA:1,1
DA:2,1
DA:3,1
DA:4,1
DA:5,1
DA:6,1
DA:7,1
DA:8,1
DA:9,1
DA:10,1
DA:11,1
DA:12,1
DA:13,0
DA:14,0
DA:15,0
DA:16,1
DA:17,1
DA:18,1
DA:19,1
DA:20,1
LF:20
LH:17
BRDA:2,0,0,1
BRDA:10,1,0,1
BRDA:12,2,0,0
BRF:3
BRH:2
end_of_record
TN:
SF:app/errors/ConflictError.js
FN:10,ConflictError
FNF:1
FNH:1
FNDA:2,ConflictError
DA:1,1
DA:2,1
DA:3,1
DA:4,1
DA:5,1
DA:6,1
DA:7,1
DA:8,1
DA:9,1
DA:10,1
DA:11,2
DA:12,2
DA:13,0
DA:14,0
DA:15,2
DA:16,2
DA:17,1
DA:18,1
DA:19,1
LF:19
LH:17
BRDA:2,0,0,1
BRDA:10,1,0,2
BRDA:12,2,0,0
BRF:3
BRH:2
end_of_record
TN:
SF:app/errors/NoRessourceFoundError.js
FN:8,NoResourceFoundError
FNF:1
FNH:1
FNDA:4,NoResourceFoundError
DA:1,1
DA:2,1
DA:3,2
DA:4,2
DA:5,2
DA:6,2
DA:7,2
DA:8,2
DA:9,4
DA:10,4
DA:11,4
DA:12,1
DA:13,1
DA:14,1
LF:14
LH:14
BRDA:2,0,0,2
BRDA:8,1,0,4
BRF:2
BRH:2
end_of_record
TN:
SF:app/errors/Unauthorized.js
FN:10,UnauthorizedError
FNF:1
FNH:0
FNDA:0,UnauthorizedError
DA:1,1
DA:2,1
DA:3,2
DA:4,2
DA:5,2
DA:6,2
DA:7,2
DA:8,2
DA:9,2
DA:10,2
DA:11,0
DA:12,0
DA:13,0
DA:14,0
DA:15,0
DA:16,0
DA:17,1
DA:18,1
DA:19,1
LF:19
LH:13
BRDA:2,0,0,2
BRF:1
BRH:1
end_of_record
TN:
SF:app/errors/UnprocessableEntityError.js
FN:10,BadInputError
FNF:1
FNH:1
FNDA:2,BadInputError
DA:1,1
DA:2,1
DA:3,1
DA:4,1
DA:5,1
DA:6,1
DA:7,1
DA:8,1
DA:9,1
DA:10,1
DA:11,2
DA:12,2
DA:13,0
DA:14,0
DA:15,2
DA:16,2
DA:17,1
DA:18,1
DA:19,1
LF:19
LH:17
BRDA:2,0,0,1
BRDA:10,1,0,2
BRDA:12,2,0,0
BRF:3
BRH:2
end_of_record
TN:
SF:app/models/CoreDataMapper.js
FN:2,_regeneratorRuntime
FN:2,o
FN:2,define
FN:2,define
FN:2,wrap
FN:2,tryCatch
FN:2,Generator
FN:2,GeneratorFunction
FN:2,GeneratorFunctionPrototype
FN:2,defineIteratorMethods
FN:2,AsyncIterator
FN:2,makeInvokeMethod
FN:2,maybeInvokeDelegate
FN:2,pushTryEntry
FN:2,resetTryEntry
FN:2,Context
FN:2,values
FN:2,next
FN:2,e.isGeneratorFunction
FN:2,e.mark
FN:2,e.awrap
FN:2,e.async
FN:2,e.keys
FN:2,reset
FN:2,stop
FN:2,dispatchException
FN:2,abrupt
FN:2,complete
FN:2,finish
FN:2,_catch
FN:2,delegateYield
FN:2,asyncGeneratorStep
FN:2,_asyncToGenerator
FN:2,_classCallCheck
FN:2,_defineProperties
FN:2,_createClass
FN:2,_toPropertyKey
FN:2,_toPrimitive
FN:9,CoreDataMapper
FN:16,_callee
FN:34,_callee2
FN:52,_callee3
FN:72,_callee4
FN:89,_callee5
FNF:44
FNH:12
FNDA:20,_regeneratorRuntime
FNDA:0,o
FNDA:65,define
FNDA:0,define
FNDA:0,wrap
FNDA:0,tryCatch
FNDA:0,Generator
FNDA:0,GeneratorFunction
FNDA:0,GeneratorFunctionPrototype
FNDA:10,defineIteratorMethods
FNDA:0,AsyncIterator
FNDA:0,makeInvokeMethod
FNDA:0,maybeInvokeDelegate
FNDA:0,pushTryEntry
FNDA:0,resetTryEntry
FNDA:0,Context
FNDA:5,values
FNDA:0,next
FNDA:0,e.isGeneratorFunction
FNDA:25,e.mark
FNDA:0,e.awrap
FNDA:0,e.async
FNDA:0,e.keys
FNDA:0,reset
FNDA:0,stop
FNDA:0,dispatchException
FNDA:0,abrupt
FNDA:0,complete
FNDA:0,finish
FNDA:0,_catch
FNDA:0,delegateYield
FNDA:0,asyncGeneratorStep
FNDA:25,_asyncToGenerator
FNDA:5,_classCallCheck
FNDA:5,_defineProperties
FNDA:5,_createClass
FNDA:25,_toPropertyKey
FNDA:25,_toPrimitive
FNDA:5,CoreDataMapper
FNDA:0,_callee
FNDA:0,_callee2
FNDA:0,_callee3
FNDA:0,_callee4
FNDA:0,_callee5
DA:1,1
DA:2,0
DA:3,1
DA:4,1
DA:5,1
DA:6,1
DA:7,1
DA:8,1
DA:9,1
DA:10,5
DA:11,5
DA:12,5
DA:13,5
DA:14,5
DA:15,5
DA:16,5
DA:17,0
DA:18,0
DA:19,0
DA:20,0
DA:21,0
DA:22,0
DA:23,0
DA:24,0
DA:25,5
DA:26,5
DA:27,5
DA:28,5
DA:29,5
DA:30,5
DA:31,5
DA:32,5
DA:33,5
DA:34,5
DA:35,0
DA:36,0
DA:37,0
DA:38,0
DA:39,0
DA:40,0
DA:41,0
DA:42,0
DA:43,5
DA:44,5
DA:45,5
DA:46,5
DA:47,5
DA:48,5
DA:49,5
DA:50,5
DA:51,5
DA:52,5
DA:53,0
DA:54,0
DA:55,0
DA:56,0
DA:57,0
DA:58,0
DA:59,0
DA:60,0
DA:61,0
DA:62,0
DA:63,5
DA:64,5
DA:65,5
DA:66,5
DA:67,5
DA:68,5
DA:69,5
DA:70,5
DA:71,5
DA:72,5
DA:73,0
DA:74,0
DA:75,0
DA:76,0
DA:77,0
DA:78,0
DA:79,0
DA:80,5
DA:81,5
DA:82,5
DA:83,5
DA:84,5
DA:85,5
DA:86,5
DA:87,5
DA:88,5
DA:89,5
DA:90,0
DA:91,0
DA:92,0
DA:93,0
DA:94,0
DA:95,0
DA:96,0
DA:97,5
DA:98,1
DA:99,1
DA:100,1
LF:100
LH:59
BRDA:2,0,0,0
BRDA:2,1,0,0
BRDA:2,2,0,0
BRDA:2,3,0,0
BRDA:2,4,0,0
BRDA:2,5,0,0
BRDA:2,6,0,20
BRDA:2,7,0,65
BRDA:2,8,0,10
BRDA:2,9,0,30
BRDA:2,10,0,5
BRDA:2,11,0,0
BRDA:2,12,0,0
BRDA:2,13,0,0
BRDA:2,14,0,25
BRDA:2,15,0,0
BRDA:2,16,0,25
BRDA:2,17,0,5
BRDA:2,18,0,0
BRDA:2,19,0,5
BRDA:2,20,0,25
BRDA:2,21,0,5
BRDA:2,22,0,0
BRDA:2,23,0,25
BRDA:2,24,0,0
BRDA:2,25,0,25
BRDA:2,26,0,0
BRDA:2,27,0,0
BRDA:2,28,0,0
BRDA:9,29,0,5
BRDA:9,30,0,5
BRDA:10,31,0,5
BRDA:27,32,0,5
BRDA:45,33,0,5
BRDA:65,34,0,5
BRDA:82,35,0,5
BRF:36
BRH:20
end_of_record
TN:
SF:app/models/categoryDataMapper.js
FN:2,asyncGeneratorStep
FN:2,_asyncToGenerator
FN:2,_next
FN:2,_throw
FN:2,_classCallCheck
FN:2,_defineProperties
FN:2,_createClass
FN:2,_inherits
FN:2,_setPrototypeOf
FN:2,_setPrototypeOf
FN:2,_createSuper
FN:2,_createSuperInternal
FN:2,_possibleConstructorReturn
FN:2,_assertThisInitialized
FN:2,_isNativeReflectConstruct
FN:2,_getPrototypeOf
FN:2,_getPrototypeOf
FN:2,_defineProperty
FN:2,_toPropertyKey
FN:2,_toPrimitive
FN:47,CategoryDataMapper
FN:25,_callee
FN:25,_callee$
FNF:23
FNH:19
FNDA:2,asyncGeneratorStep
FNDA:1,_asyncToGenerator
FNDA:2,_next
FNDA:0,_throw
FNDA:1,_classCallCheck
FNDA:1,_defineProperties
FNDA:1,_createClass
FNDA:1,_inherits
FNDA:1,_setPrototypeOf
FNDA:0,_setPrototypeOf
FNDA:1,_createSuper
FNDA:1,_createSuperInternal
FNDA:1,_possibleConstructorReturn
FNDA:0,_assertThisInitialized
FNDA:1,_isNativeReflectConstruct
FNDA:1,_getPrototypeOf
FNDA:0,_getPrototypeOf
FNDA:1,_defineProperty
FNDA:2,_toPropertyKey
FNDA:2,_toPrimitive
FNDA:1,CategoryDataMapper
FNDA:1,_callee
FNDA:3,_callee$
DA:1,1
DA:2,0
DA:3,1
DA:4,1
DA:5,1
DA:6,1
DA:7,1
DA:8,1
DA:9,1
DA:10,1
DA:11,1
DA:12,1
DA:13,1
DA:14,1
DA:15,1
DA:16,1
DA:17,1
DA:18,1
DA:19,1
DA:20,1
DA:21,1
DA:22,1
DA:23,1
DA:24,1
DA:25,1
DA:26,1
DA:27,1
DA:28,1
DA:29,1
DA:30,1
DA:31,1
DA:32,1
DA:33,1
DA:34,1
DA:35,1
DA:36,1
DA:37,1
DA:38,1
DA:39,1
DA:40,1
DA:41,1
DA:42,1
DA:43,1
DA:44,1
DA:45,1
DA:46,1
DA:47,1
DA:48,1
DA:49,1
DA:50,1
DA:51,1
DA:52,1
DA:53,1
LF:53
LH:52
BRDA:2,0,0,2
BRDA:2,1,0,0
BRDA:2,2,0,1
BRDA:2,3,0,1
BRDA:2,4,0,1
BRDA:2,5,0,1
BRDA:2,6,0,2
BRDA:2,7,0,1
BRDA:2,8,0,0
BRDA:2,9,0,1
BRDA:2,10,0,1
BRDA:2,11,0,0
BRDA:2,12,0,1
BRDA:2,13,0,0
BRDA:2,14,0,0
BRDA:2,15,0,1
BRDA:2,16,0,0
BRDA:2,17,0,1
BRDA:2,18,0,1
BRDA:2,19,0,0
BRDA:2,20,0,1
BRDA:2,21,0,0
BRDA:2,22,0,0
BRDA:2,23,0,1
BRDA:2,24,0,0
BRDA:2,25,0,0
BRDA:2,26,0,0
BRDA:2,27,0,1
BRDA:2,28,0,0
BRDA:2,29,0,1
BRDA:2,30,0,0
BRDA:2,31,0,2
BRDA:2,32,0,0
BRDA:2,33,0,2
BRDA:2,34,0,0
BRDA:2,35,0,0
BRDA:2,36,0,0
BRDA:12,37,0,1
BRDA:47,38,0,1
BRDA:19,39,0,1
BRDA:25,40,0,1
BRDA:25,41,0,3
BRDA:25,42,0,1
BRDA:38,43,0,1
BRDA:39,44,0,0
BRDA:39,45,0,1
BRF:46
BRH:27
end_of_record
TN:
SF:app/models/orderDataMapper.js
FN:2,asyncGeneratorStep
FN:2,_asyncToGenerator
FN:2,_next
FN:2,_throw
FN:2,_classCallCheck
FN:2,_defineProperties
FN:2,_createClass
FN:2,_inherits
FN:2,_setPrototypeOf
FN:2,_setPrototypeOf
FN:2,_createSuper
FN:2,_createSuperInternal
FN:2,_possibleConstructorReturn
FN:2,_assertThisInitialized
FN:2,_isNativeReflectConstruct
FN:2,_getPrototypeOf
FN:2,_getPrototypeOf
FN:2,_defineProperty
FN:2,_toPropertyKey
FN:2,_toPrimitive
FN:66,OrderDataMapper
FN:78,_callee
FN:78,_callee$
FN:27,_callee2
FN:27,_callee2$
FN:47,_callee3
FN:47,_callee3$
FNF:27
FNH:24
FNDA:6,asyncGeneratorStep
FNDA:3,_asyncToGenerator
FNDA:6,_next
FNDA:0,_throw
FNDA:1,_classCallCheck
FNDA:1,_defineProperties
FNDA:1,_createClass
FNDA:1,_inherits
FNDA:1,_setPrototypeOf
FNDA:0,_setPrototypeOf
FNDA:1,_createSuper
FNDA:1,_createSuperInternal
FNDA:1,_possibleConstructorReturn
FNDA:1,_assertThisInitialized
FNDA:1,_isNativeReflectConstruct
FNDA:1,_getPrototypeOf
FNDA:0,_getPrototypeOf
FNDA:5,_defineProperty
FNDA:7,_toPropertyKey
FNDA:7,_toPrimitive
FNDA:1,OrderDataMapper
FNDA:1,_callee
FNDA:3,_callee$
FNDA:1,_callee2
FNDA:3,_callee2$
FNDA:1,_callee3
FNDA:3,_callee3$
DA:1,1
DA:2,0
DA:3,1
DA:4,1
DA:5,1
DA:6,1
DA:7,1
DA:8,1
DA:9,1
DA:10,1
DA:11,1
DA:12,1
DA:13,1
DA:14,1
DA:15,1
DA:16,1
DA:17,1
DA:18,1
DA:19,1
DA:20,1
DA:21,1
DA:22,1
DA:23,1
DA:24,1
DA:25,1
DA:26,1
DA:27,1
DA:28,1
DA:29,1
DA:30,1
DA:31,1
DA:32,1
DA:33,1
DA:34,1
DA:35,1
DA:36,1
DA:37,1
DA:38,1
DA:39,1
DA:40,1
DA:41,1
DA:42,1
DA:43,1
DA:44,1
DA:45,1
DA:46,1
DA:47,1
DA:48,1
DA:49,1
DA:50,1
DA:51,1
DA:52,1
DA:53,1
DA:54,1
DA:55,1
DA:56,1
DA:57,1
DA:58,1
DA:59,1
DA:60,1
DA:61,1
DA:62,1
DA:63,1
DA:64,1
DA:65,1
DA:66,1
DA:67,1
DA:68,1
DA:69,1
DA:70,1
DA:71,1
DA:72,1
DA:73,1
DA:74,1
DA:75,1
DA:76,1
DA:77,1
DA:78,1
DA:79,1
DA:80,1
DA:81,1
DA:82,1
DA:83,1
DA:84,1
DA:85,1
DA:86,1
DA:87,1
DA:88,1
DA:89,1
LF:89
LH:88
BRDA:2,0,0,6
BRDA:2,1,0,0
BRDA:2,2,0,3
BRDA:2,3,0,3
BRDA:2,4,0,3
BRDA:2,5,0,3
BRDA:2,6,0,6
BRDA:2,7,0,1
BRDA:2,8,0,0
BRDA:2,9,0,1
BRDA:2,10,0,2
BRDA:2,11,0,1
BRDA:2,12,0,0
BRDA:2,13,0,1
BRDA:2,14,0,0
BRDA:2,15,0,0
BRDA:2,16,0,1
BRDA:2,17,0,0
BRDA:2,18,0,1
BRDA:2,19,0,1
BRDA:2,20,0,0
BRDA:2,21,0,1
BRDA:2,22,0,0
BRDA:2,23,0,0
BRDA:2,24,0,1
BRDA:2,25,0,0
BRDA:2,26,0,1
BRDA:2,27,0,0
BRDA:2,28,0,0
BRDA:2,29,0,0
BRDA:2,30,0,1
BRDA:2,31,0,0
BRDA:2,32,0,5
BRDA:2,33,0,0
BRDA:2,34,0,7
BRDA:2,35,0,0
BRDA:2,36,0,7
BRDA:2,37,0,0
BRDA:2,38,0,0
BRDA:2,39,0,0
BRDA:12,40,0,1
BRDA:66,41,0,1
BRDA:71,42,0,1
BRDA:78,43,0,1
BRDA:78,44,0,3
BRDA:78,45,0,1
BRDA:84,46,0,1
BRDA:85,47,0,0
BRDA:85,48,0,1
BRDA:86,49,0,1
BRDA:22,50,0,1
BRDA:27,51,0,1
BRDA:27,52,0,3
BRDA:27,53,0,1
BRDA:37,54,0,1
BRDA:38,55,0,0
BRDA:38,56,0,1
BRDA:41,57,0,1
BRDA:47,58,0,1
BRDA:47,59,0,3
BRDA:47,60,0,1
BRDA:58,61,0,1
BRDA:59,62,0,0
BRDA:59,63,0,1
BRF:64
BRH:42
end_of_record
TN:
SF:app/models/productHasCategoryDataMapper.js
FN:2,asyncGeneratorStep
FN:2,_asyncToGenerator
FN:2,_next
FN:2,_throw
FN:2,_defineProperties
FN:2,_createClass
FN:2,_classCallCheck
FN:2,_inherits
FN:2,_setPrototypeOf
FN:2,_setPrototypeOf
FN:2,_createSuper
FN:2,_createSuperInternal
FN:2,_possibleConstructorReturn
FN:2,_assertThisInitialized
FN:2,_isNativeReflectConstruct
FN:2,_getPrototypeOf
FN:2,_getPrototypeOf
FN:2,_defineProperty
FN:2,_toPropertyKey
FN:2,_toPrimitive
FN:25,ProductHasCategoryDataMapper
FN:37,_callee
FN:37,_callee$
FNF:23
FNH:19
FNDA:2,asyncGeneratorStep
FNDA:1,_asyncToGenerator
FNDA:2,_next
FNDA:0,_throw
FNDA:0,_defineProperties
FNDA:1,_createClass
FNDA:1,_classCallCheck
FNDA:1,_inherits
FNDA:1,_setPrototypeOf
FNDA:0,_setPrototypeOf
FNDA:1,_createSuper
FNDA:1,_createSuperInternal
FNDA:1,_possibleConstructorReturn
FNDA:1,_assertThisInitialized
FNDA:1,_isNativeReflectConstruct
FNDA:1,_getPrototypeOf
FNDA:0,_getPrototypeOf
FNDA:4,_defineProperty
FNDA:4,_toPropertyKey
FNDA:4,_toPrimitive
FNDA:1,ProductHasCategoryDataMapper
FNDA:1,_callee
FNDA:3,_callee$
DA:1,1
DA:2,0
DA:3,1
DA:4,1
DA:5,1
DA:6,1
DA:7,1
DA:8,1
DA:9,1
DA:10,1
DA:11,1
DA:12,1
DA:13,1
DA:14,1
DA:15,1
DA:16,1
DA:17,1
DA:18,1
DA:19,1
DA:20,1
DA:21,1
DA:22,1
DA:23,1
DA:24,1
DA:25,1
DA:26,1
DA:27,1
DA:28,1
DA:29,1
DA:30,1
DA:31,1
DA:32,1
DA:33,1
DA:34,1
DA:35,1
DA:36,1
DA:37,1
DA:38,1
DA:39,1
DA:40,1
DA:41,1
DA:42,1
DA:43,1
DA:44,1
DA:45,1
DA:46,1
DA:47,1
DA:48,1
LF:48
LH:47
BRDA:2,0,0,2
BRDA:2,1,0,0
BRDA:2,2,0,1
BRDA:2,3,0,1
BRDA:2,4,0,1
BRDA:2,5,0,1
BRDA:2,6,0,2
BRDA:2,7,0,1
BRDA:2,8,0,0
BRDA:2,9,0,0
BRDA:2,10,0,1
BRDA:2,11,0,0
BRDA:2,12,0,1
BRDA:2,13,0,0
BRDA:2,14,0,0
BRDA:2,15,0,1
BRDA:2,16,0,0
BRDA:2,17,0,1
BRDA:2,18,0,1
BRDA:2,19,0,0
BRDA:2,20,0,1
BRDA:2,21,0,0
BRDA:2,22,0,0
BRDA:2,23,0,1
BRDA:2,24,0,0
BRDA:2,25,0,1
BRDA:2,26,0,0
BRDA:2,27,0,0
BRDA:2,28,0,0
BRDA:2,29,0,1
BRDA:2,30,0,0
BRDA:2,31,0,4
BRDA:2,32,0,0
BRDA:2,33,0,4
BRDA:2,34,0,0
BRDA:2,35,0,4
BRDA:2,36,0,0
BRDA:2,37,0,0
BRDA:2,38,0,0
BRDA:13,39,0,1
BRDA:25,40,0,1
BRDA:30,41,0,1
BRDA:37,42,0,1
BRDA:37,43,0,3
BRDA:37,44,0,1
BRDA:43,45,0,1
BRDA:44,46,0,0
BRDA:44,47,0,1
BRDA:45,48,0,1
BRF:49
BRH:28
end_of_record
TN:
SF:app/models/productHasMediaDataMapper.js
FN:2,asyncGeneratorStep
FN:2,_asyncToGenerator
FN:2,_next
FN:2,_throw
FN:2,_defineProperties
FN:2,_createClass
FN:2,_classCallCheck
FN:2,_inherits
FN:2,_setPrototypeOf
FN:2,_setPrototypeOf
FN:2,_createSuper
FN:2,_createSuperInternal
FN:2,_possibleConstructorReturn
FN:2,_assertThisInitialized
FN:2,_isNativeReflectConstruct
FN:2,_getPrototypeOf
FN:2,_getPrototypeOf
FN:2,_defineProperty
FN:2,_toPropertyKey
FN:2,_toPrimitive
FN:24,ProductHasMediaDataMapper
FN:36,_callee
FN:36,_callee$
FNF:23
FNH:19
FNDA:2,asyncGeneratorStep
FNDA:1,_asyncToGenerator
FNDA:2,_next
FNDA:0,_throw
FNDA:0,_defineProperties
FNDA:1,_createClass
FNDA:1,_classCallCheck
FNDA:1,_inherits
FNDA:1,_setPrototypeOf
FNDA:0,_setPrototypeOf
FNDA:1,_createSuper
FNDA:1,_createSuperInternal
FNDA:1,_possibleConstructorReturn
FNDA:1,_assertThisInitialized
FNDA:1,_isNativeReflectConstruct
FNDA:1,_getPrototypeOf
FNDA:0,_getPrototypeOf
FNDA:4,_defineProperty
FNDA:4,_toPropertyKey
FNDA:4,_toPrimitive
FNDA:1,ProductHasMediaDataMapper
FNDA:1,_callee
FNDA:3,_callee$
DA:1,1
DA:2,0
DA:3,1
DA:4,1
DA:5,1
DA:6,1
DA:7,1
DA:8,1
DA:9,1
DA:10,1
DA:11,1
DA:12,1
DA:13,1
DA:14,1
DA:15,1
DA:16,1
DA:17,1
DA:18,1
DA:19,1
DA:20,1
DA:21,1
DA:22,1
DA:23,1
DA:24,1
DA:25,1
DA:26,1
DA:27,1
DA:28,1
DA:29,1
DA:30,1
DA:31,1
DA:32,1
DA:33,1
DA:34,1
DA:35,1
DA:36,1
DA:37,1
DA:38,1
DA:39,1
DA:40,1
DA:41,1
DA:42,1
DA:43,1
DA:44,1
DA:45,1
DA:46,1
DA:47,1
DA:48,1
LF:48
LH:47
BRDA:2,0,0,2
BRDA:2,1,0,0
BRDA:2,2,0,1
BRDA:2,3,0,1
BRDA:2,4,0,1
BRDA:2,5,0,1
BRDA:2,6,0,2
BRDA:2,7,0,1
BRDA:2,8,0,0
BRDA:2,9,0,0
BRDA:2,10,0,1
BRDA:2,11,0,0
BRDA:2,12,0,1
BRDA:2,13,0,0
BRDA:2,14,0,0
BRDA:2,15,0,1
BRDA:2,16,0,0
BRDA:2,17,0,1
BRDA:2,18,0,1
BRDA:2,19,0,0
BRDA:2,20,0,1
BRDA:2,21,0,0
BRDA:2,22,0,0
BRDA:2,23,0,1
BRDA:2,24,0,0
BRDA:2,25,0,1
BRDA:2,26,0,0
BRDA:2,27,0,0
BRDA:2,28,0,0
BRDA:2,29,0,1
BRDA:2,30,0,0
BRDA:2,31,0,4
BRDA:2,32,0,0
BRDA:2,33,0,4
BRDA:2,34,0,0
BRDA:2,35,0,4
BRDA:2,36,0,0
BRDA:2,37,0,0
BRDA:2,38,0,0
BRDA:12,39,0,1
BRDA:24,40,0,1
BRDA:29,41,0,1
BRDA:36,42,0,1
BRDA:36,43,0,3
BRDA:36,44,0,1
BRDA:43,45,0,1
BRDA:44,46,0,0
BRDA:44,47,0,1
BRDA:45,48,0,1
BRF:49
BRH:28
end_of_record
TN:
SF:app/models/userDataMapper.js
FN:2,asyncGeneratorStep
FN:2,_asyncToGenerator
FN:2,_next
FN:2,_throw
FN:2,_classCallCheck
FN:2,_defineProperties
FN:2,_createClass
FN:2,_inherits
FN:2,_setPrototypeOf
FN:2,_setPrototypeOf
FN:2,_createSuper
FN:2,_createSuperInternal
FN:2,_possibleConstructorReturn
FN:2,_assertThisInitialized
FN:2,_isNativeReflectConstruct
FN:2,_getPrototypeOf
FN:2,_getPrototypeOf
FN:2,_defineProperty
FN:2,_toPropertyKey
FN:2,_toPrimitive
FN:97,UserDataMapper
FN:30,_callee
FN:30,_callee$
FN:51,_callee2
FN:51,_callee2$
FN:79,_callee3
FN:79,_callee3$
FNF:27
FNH:23
FNDA:9,asyncGeneratorStep
FNDA:3,_asyncToGenerator
FNDA:9,_next
FNDA:0,_throw
FNDA:1,_classCallCheck
FNDA:1,_defineProperties
FNDA:1,_createClass
FNDA:1,_inherits
FNDA:1,_setPrototypeOf
FNDA:0,_setPrototypeOf
FNDA:1,_createSuper
FNDA:1,_createSuperInternal
FNDA:1,_possibleConstructorReturn
FNDA:0,_assertThisInitialized
FNDA:1,_isNativeReflectConstruct
FNDA:1,_getPrototypeOf
FNDA:0,_getPrototypeOf
FNDA:8,_defineProperty
FNDA:11,_toPropertyKey
FNDA:11,_toPrimitive
FNDA:1,UserDataMapper
FNDA:1,_callee
FNDA:3,_callee$
FNDA:1,_callee2
FNDA:4,_callee2$
FNDA:2,_callee3
FNDA:6,_callee3$
DA:1,1
DA:2,0
DA:3,1
DA:4,1
DA:5,1
DA:6,1
DA:7,1
DA:8,1
DA:9,1
DA:10,1
DA:11,1
DA:12,1
DA:13,1
DA:14,1
DA:15,1
DA:16,1
DA:17,1
DA:18,1
DA:19,1
DA:20,1
DA:21,1
DA:22,1
DA:23,1
DA:24,1
DA:25,1
DA:26,1
DA:27,1
DA:28,1
DA:29,1
DA:30,1
DA:31,1
DA:32,1
DA:33,1
DA:34,1
DA:35,1
DA:36,1
DA:37,1
DA:38,1
DA:39,1
DA:40,1
DA:41,1
DA:42,1
DA:43,1
DA:44,1
DA:45,1
DA:46,1
DA:47,1
DA:48,1
DA:49,1
DA:50,1
DA:51,1
DA:52,1
DA:53,1
DA:54,1
DA:55,1
DA:56,1
DA:57,1
DA:58,1
DA:59,1
DA:60,1
DA:61,1
DA:62,1
DA:63,1
DA:64,1
DA:65,1
DA:66,1
DA:67,1
DA:68,1
DA:69,1
DA:70,1
DA:71,1
DA:72,1
DA:73,1
DA:74,1
DA:75,1
DA:76,1
DA:77,1
DA:78,1
DA:79,1
DA:80,2
DA:81,2
DA:82,2
DA:83,2
DA:84,2
DA:85,2
DA:86,2
DA:87,2
DA:88,2
DA:89,2
DA:90,2
DA:91,2
DA:92,1
DA:93,1
DA:94,1
DA:95,1
DA:96,1
DA:97,1
DA:98,1
DA:99,1
DA:100,1
DA:101,1
DA:102,1
DA:103,1
LF:103
LH:102
BRDA:2,0,0,9
BRDA:2,1,0,1
BRDA:2,2,0,8
BRDA:2,3,0,3
BRDA:2,4,0,5
BRDA:2,5,0,3
BRDA:2,6,0,4
BRDA:2,7,0,4
BRDA:2,8,0,9
BRDA:2,9,0,1
BRDA:2,10,0,0
BRDA:2,11,0,1
BRDA:2,12,0,3
BRDA:2,13,0,1
BRDA:2,14,0,0
BRDA:2,15,0,1
BRDA:2,16,0,0
BRDA:2,17,0,0
BRDA:2,18,0,1
BRDA:2,19,0,0
BRDA:2,20,0,1
BRDA:2,21,0,1
BRDA:2,22,0,0
BRDA:2,23,0,1
BRDA:2,24,0,0
BRDA:2,25,0,0
BRDA:2,26,0,1
BRDA:2,27,0,0
BRDA:2,28,0,0
BRDA:2,29,0,0
BRDA:2,30,0,1
BRDA:2,31,0,0
BRDA:2,32,0,8
BRDA:2,33,0,0
BRDA:2,34,0,11
BRDA:2,35,0,0
BRDA:2,36,0,11
BRDA:2,37,0,0
BRDA:2,38,0,0
BRDA:2,39,0,0
BRDA:13,40,0,1
BRDA:97,41,0,1
BRDA:24,42,0,1
BRDA:30,43,0,1
BRDA:30,44,0,3
BRDA:30,45,0,1
BRDA:37,46,0,1
BRDA:38,47,0,0
BRDA:38,48,0,1
BRDA:41,49,0,1
BRDA:51,50,0,1
BRDA:51,51,0,4
BRDA:51,52,0,1
BRDA:54,53,0,1
BRDA:65,54,0,1
BRDA:69,55,0,0
BRDA:69,56,0,1
BRDA:72,57,0,1
BRDA:79,58,0,2
BRDA:79,59,0,6
BRDA:79,60,0,2
BRDA:87,61,0,2
BRDA:91,62,0,0
BRDA:91,63,0,2
BRF:64
BRH:44
end_of_record
TN:
SF:app/models/helpers/database.js
FN:2,_toConsumableArray
FN:2,_nonIterableSpread
FN:2,_unsupportedIterableToArray
FN:2,_iterableToArray
FN:2,_arrayWithoutHoles
FN:2,_arrayLikeToArray
FN:2,asyncGeneratorStep
FN:2,_asyncToGenerator
FN:31,query
FNF:9
FNH:0
FNDA:0,_toConsumableArray
FNDA:0,_nonIterableSpread
FNDA:0,_unsupportedIterableToArray
FNDA:0,_iterableToArray
FNDA:0,_arrayWithoutHoles
FNDA:0,_arrayLikeToArray
FNDA:0,asyncGeneratorStep
FNDA:0,_asyncToGenerator
FNDA:0,query
DA:1,1
DA:2,0
DA:3,1
DA:4,1
DA:5,1
DA:6,1
DA:7,1
DA:8,1
DA:9,1
DA:10,1
DA:11,0
DA:12,1
DA:13,1
DA:14,1
DA:15,1
DA:16,1
DA:17,1
DA:18,1
DA:19,1
DA:20,1
DA:21,1
DA:22,1
DA:23,1
DA:24,1
DA:25,1
DA:26,1
DA:27,1
DA:28,1
DA:29,1
DA:30,1
DA:31,1
DA:32,0
DA:33,0
DA:34,0
DA:35,0
DA:36,1
LF:36
LH:30
BRF:0
BRH:0
end_of_record
